Reading GPU Configurations...
Block Scheduling Policy: ROUND_ROBIN
Warp Scheduling Policy: CCWS
trace type : nvbit
> trace_path: /storage/ice-shared/cs8803o21/macsim_traces/lavaMD/5/Kernel0/trace.txt truncate_size: 0
 trace type : nvbit
# of blocks: 125, # of warps: 500, # of Instrs: 43276498
Macsim started @ Fri Oct 10 12:36:49 2025

**************************************************
========== starting kernel 0 ==========
RAM resp id:0 m_cycle=240 req_time=37 resp_time=203 total_latency=203
[Cycle: 100000]: mem_requests: 216, mem_responses: 216, avg_latency: 205
[Cycle: 200000]: mem_requests: 319, mem_responses: 319, avg_latency: 204
[Cycle: 300000]: mem_requests: 371, mem_responses: 371, avg_latency: 204
[Cycle: 400000]: mem_requests: 456, mem_responses: 456, avg_latency: 203
[Cycle: 500000]: mem_requests: 515, mem_responses: 515, avg_latency: 203
[Cycle: 600000]: mem_requests: 585, mem_responses: 585, avg_latency: 201
[Cycle: 700000]: mem_requests: 656, mem_responses: 656, avg_latency: 196
[Cycle: 800000]: mem_requests: 714, mem_responses: 714, avg_latency: 192
[Cycle: 900000]: mem_requests: 906, mem_responses: 906, avg_latency: 185
RAM resp id:1000 m_cycle=958300 req_time=958097 resp_time=203 total_latency=184036
[Cycle: 1000000]: mem_requests: 1070, mem_responses: 1069, avg_latency: 182
[Cycle: 1100000]: mem_requests: 1176, mem_responses: 1176, avg_latency: 181
[Cycle: 1200000]: mem_requests: 1222, mem_responses: 1222, avg_latency: 181
[Cycle: 1300000]: mem_requests: 1304, mem_responses: 1304, avg_latency: 180
[Cycle: 1400000]: mem_requests: 1405, mem_responses: 1405, avg_latency: 180
[Cycle: 1500000]: mem_requests: 1485, mem_responses: 1485, avg_latency: 179
[Cycle: 1600000]: mem_requests: 1585, mem_responses: 1585, avg_latency: 178
[Cycle: 1700000]: mem_requests: 1639, mem_responses: 1639, avg_latency: 178
[Cycle: 1800000]: mem_requests: 1773, mem_responses: 1773, avg_latency: 178
[Cycle: 1900000]: mem_requests: 1844, mem_responses: 1844, avg_latency: 178
[Cycle: 2000000]: mem_requests: 1891, mem_responses: 1891, avg_latency: 178
RAM resp id:2000 m_cycle=2081298 req_time=2081095 resp_time=203 total_latency=358008
[Cycle: 2100000]: mem_requests: 2023, mem_responses: 2023, avg_latency: 178
[Cycle: 2200000]: mem_requests: 2214, mem_responses: 2214, avg_latency: 179
[Cycle: 2300000]: mem_requests: 2332, mem_responses: 2332, avg_latency: 179
[Cycle: 2400000]: mem_requests: 2415, mem_responses: 2415, avg_latency: 179
[Cycle: 2500000]: mem_requests: 2513, mem_responses: 2513, avg_latency: 178
[Cycle: 2600000]: mem_requests: 2594, mem_responses: 2594, avg_latency: 178
[Cycle: 2700000]: mem_requests: 2711, mem_responses: 2711, avg_latency: 178
[Cycle: 2800000]: mem_requests: 2797, mem_responses: 2797, avg_latency: 178
[Cycle: 2900000]: mem_requests: 2878, mem_responses: 2878, avg_latency: 178
[Cycle: 3000000]: mem_requests: 2977, mem_responses: 2977, avg_latency: 178
RAM resp id:3000 m_cycle=3020685 req_time=3020482 resp_time=203 total_latency=536249
[Cycle: 3100000]: mem_requests: 3124, mem_responses: 3124, avg_latency: 178
[Cycle: 3200000]: mem_requests: 3184, mem_responses: 3184, avg_latency: 178
[Cycle: 3300000]: mem_requests: 3246, mem_responses: 3246, avg_latency: 178
[Cycle: 3400000]: mem_requests: 3418, mem_responses: 3417, avg_latency: 178
[Cycle: 3500000]: mem_requests: 3590, mem_responses: 3590, avg_latency: 179
[Cycle: 3600000]: mem_requests: 3696, mem_responses: 3695, avg_latency: 179
[Cycle: 3700000]: mem_requests: 3806, mem_responses: 3806, avg_latency: 179
[Cycle: 3800000]: mem_requests: 3938, mem_responses: 3938, avg_latency: 179
RAM resp id:4000 m_cycle=3898423 req_time=3898220 resp_time=203 total_latency=716311
[Cycle: 3900000]: mem_requests: 4002, mem_responses: 4002, avg_latency: 179
[Cycle: 4000000]: mem_requests: 4094, mem_responses: 4094, avg_latency: 179
[Cycle: 4100000]: mem_requests: 4193, mem_responses: 4192, avg_latency: 178
[Cycle: 4200000]: mem_requests: 4252, mem_responses: 4252, avg_latency: 178
[Cycle: 4300000]: mem_requests: 4356, mem_responses: 4356, avg_latency: 178
[Cycle: 4400000]: mem_requests: 4465, mem_responses: 4465, avg_latency: 178
[Cycle: 4500000]: mem_requests: 4495, mem_responses: 4495, avg_latency: 178
[Cycle: 4600000]: mem_requests: 4600, mem_responses: 4599, avg_latency: 178
[Cycle: 4700000]: mem_requests: 4775, mem_responses: 4774, avg_latency: 178
[Cycle: 4800000]: mem_requests: 4891, mem_responses: 4891, avg_latency: 178
[Cycle: 4900000]: mem_requests: 4992, mem_responses: 4992, avg_latency: 179
RAM resp id:5000 m_cycle=4903297 req_time=4903094 resp_time=203 total_latency=896172
[Cycle: 5000000]: mem_requests: 5057, mem_responses: 5057, avg_latency: 179
[Cycle: 5100000]: mem_requests: 5158, mem_responses: 5158, avg_latency: 178
[Cycle: 5200000]: mem_requests: 5208, mem_responses: 5208, avg_latency: 178
[Cycle: 5300000]: mem_requests: 5320, mem_responses: 5320, avg_latency: 178
[Cycle: 5400000]: mem_requests: 5398, mem_responses: 5398, avg_latency: 178
core 0 retired
core 3 retired
core 7 retired
core 1 retired
[Cycle: 5500000]: mem_requests: 5402, mem_responses: 5402, avg_latency: 178
core 5 retired
core 6 retired
core 2 retired
core 4 retired
========== kernel 0 summary ==========
Core: 0
	CORE0_TOT_CYCLES   : 5440940
	CORE0_STALL_CYCLES : 2805
	CORE0_LD_INSTR     : 666
	CORE0_ST_INSTR     : 0
	CORE0_TOT_INSTR    : 5440940
Core: 1
	CORE1_TOT_CYCLES   : 5461097
	CORE1_STALL_CYCLES : 3112
	CORE1_LD_INSTR     : 545
	CORE1_ST_INSTR     : 0
	CORE1_TOT_INSTR    : 5461097
Core: 2
	CORE2_TOT_CYCLES   : 5542410
	CORE2_STALL_CYCLES : 4232
	CORE2_LD_INSTR     : 497
	CORE2_ST_INSTR     : 0
	CORE2_TOT_INSTR    : 5542410
Core: 3
	CORE3_TOT_CYCLES   : 5441595
	CORE3_STALL_CYCLES : 3608
	CORE3_LD_INSTR     : 518
	CORE3_ST_INSTR     : 0
	CORE3_TOT_INSTR    : 5441595
Core: 4
	CORE4_TOT_CYCLES   : 5561428
	CORE4_STALL_CYCLES : 3192
	CORE4_LD_INSTR     : 584
	CORE4_ST_INSTR     : 0
	CORE4_TOT_INSTR    : 5561428
Core: 5
	CORE5_TOT_CYCLES   : 5522923
	CORE5_STALL_CYCLES : 4459
	CORE5_LD_INSTR     : 754
	CORE5_ST_INSTR     : 0
	CORE5_TOT_INSTR    : 5522923
Core: 6
	CORE6_TOT_CYCLES   : 5541610
	CORE6_STALL_CYCLES : 3369
	CORE6_LD_INSTR     : 560
	CORE6_ST_INSTR     : 0
	CORE6_TOT_INSTR    : 5541610
Core: 7
	CORE7_TOT_CYCLES   : 5442488
	CORE7_STALL_CYCLES : 4047
	CORE7_LD_INSTR     : 615
	CORE7_ST_INSTR     : 0
	CORE7_TOT_INSTR    : 5442488
GPU Retired.
**************************************************
Simulation finished @ Fri Oct 10 12:36:59 2025

Total simulation time: 0:0:10

============= MacSim Stats =============
Macsim:
	NUM_CYCLES              : 5561427
	NUM_INSTRS_RETIRED      : 43920412
	NUM_STALL_CYCLES        : 28824
	NUM_MEM_REQUESTS        : 5402
	NUM_MEM_RESPONSES       : 5402
	AVG_RESPONSE_LATENCY    : 178
	NUM_TTIMEDOUT_REQUESTS  : 0
	INSTR_PER_CYCLE         : 7.897328
Cache:
	CACHE_NUM_ACCESSES    : 631399
	CACHE_NUM_HITS        : 196509
	CACHE_HIT_RATE_PERC   : 31.12
	MISSES_PER_1000_INSTR : 9.90

========================================

[END OF GPU SIMULATION]
