Reading GPU Configurations...
Block Scheduling Policy: ROUND_ROBIN
Warp Scheduling Policy: GTO
trace type : nvbit
> trace_path: /storage/ice-shared/cs8803o21/macsim_traces/nn/256k/Kernel0/trace.txt truncate_size: 0
 trace type : nvbit
# of blocks: 1024, # of warps: 8192, # of Instrs: 245760
Macsim started @ Fri Oct 10 13:01:02 2025

**************************************************
========== starting kernel 0 ==========
RAM resp id:0 m_cycle=240 req_time=37 resp_time=203 total_latency=203
RAM resp id:1000 m_cycle=7080 req_time=6877 resp_time=203 total_latency=171635
RAM resp id:2000 m_cycle=12693 req_time=12490 resp_time=203 total_latency=309675
RAM resp id:3000 m_cycle=18221 req_time=0 resp_time=0 total_latency=443452
RAM resp id:4000 m_cycle=23792 req_time=23589 resp_time=203 total_latency=579259
RAM resp id:5000 m_cycle=29687 req_time=29484 resp_time=203 total_latency=713096
RAM resp id:6000 m_cycle=36041 req_time=35838 resp_time=203 total_latency=852450
RAM resp id:7000 m_cycle=42442 req_time=42239 resp_time=203 total_latency=992841
RAM resp id:8000 m_cycle=48821 req_time=48617 resp_time=204 total_latency=1132378
RAM resp id:9000 m_cycle=55342 req_time=0 resp_time=0 total_latency=1274180
RAM resp id:10000 m_cycle=61896 req_time=0 resp_time=0 total_latency=1414974
RAM resp id:11000 m_cycle=68337 req_time=68134 resp_time=203 total_latency=1556547
RAM resp id:12000 m_cycle=74703 req_time=74500 resp_time=203 total_latency=1696463
RAM resp id:13000 m_cycle=81330 req_time=0 resp_time=0 total_latency=1836889
RAM resp id:14000 m_cycle=87791 req_time=0 resp_time=0 total_latency=1980580
RAM resp id:15000 m_cycle=94281 req_time=94078 resp_time=203 total_latency=2121308
[Cycle: 100000]: mem_requests: 15911, mem_responses: 15879, avg_latency: 141
RAM resp id:16000 m_cycle=100816 req_time=100613 resp_time=203 total_latency=2261263
RAM resp id:17000 m_cycle=107428 req_time=107225 resp_time=203 total_latency=2403116
RAM resp id:18000 m_cycle=113676 req_time=113473 resp_time=203 total_latency=2543317
core 6 retired
core 1 retired
core 7 retired
core 3 retired
core 2 retired
core 0 retired
core 4 retired
core 5 retired
========== kernel 0 summary ==========
Core: 0
	CORE0_TOT_CYCLES   : 116816
	CORE0_STALL_CYCLES : 83936
	CORE0_LD_INSTR     : 880
	CORE0_ST_INSTR     : 750
	CORE0_TOT_INSTR    : 116816
Core: 1
	CORE1_TOT_CYCLES   : 116281
	CORE1_STALL_CYCLES : 83661
	CORE1_LD_INSTR     : 873
	CORE1_ST_INSTR     : 745
	CORE1_TOT_INSTR    : 116281
Core: 2
	CORE2_TOT_CYCLES   : 116580
	CORE2_STALL_CYCLES : 82968
	CORE2_LD_INSTR     : 869
	CORE2_ST_INSTR     : 749
	CORE2_TOT_INSTR    : 116580
Core: 3
	CORE3_TOT_CYCLES   : 116382
	CORE3_STALL_CYCLES : 83048
	CORE3_LD_INSTR     : 868
	CORE3_ST_INSTR     : 720
	CORE3_TOT_INSTR    : 116382
Core: 4
	CORE4_TOT_CYCLES   : 116859
	CORE4_STALL_CYCLES : 83278
	CORE4_LD_INSTR     : 872
	CORE4_ST_INSTR     : 715
	CORE4_TOT_INSTR    : 116859
Core: 5
	CORE5_TOT_CYCLES   : 117109
	CORE5_STALL_CYCLES : 83025
	CORE5_LD_INSTR     : 869
	CORE5_ST_INSTR     : 725
	CORE5_TOT_INSTR    : 117109
Core: 6
	CORE6_TOT_CYCLES   : 116158
	CORE6_STALL_CYCLES : 82814
	CORE6_LD_INSTR     : 875
	CORE6_ST_INSTR     : 723
	CORE6_TOT_INSTR    : 116158
Core: 7
	CORE7_TOT_CYCLES   : 116365
	CORE7_STALL_CYCLES : 83013
	CORE7_LD_INSTR     : 878
	CORE7_ST_INSTR     : 728
	CORE7_TOT_INSTR    : 116365
GPU Retired.
**************************************************
Simulation finished @ Fri Oct 10 13:01:05 2025

Total simulation time: 0:0:3

============= MacSim Stats =============
Macsim:
	NUM_CYCLES              : 117108
	NUM_INSTRS_RETIRED      : 245760
	NUM_STALL_CYCLES        : 665743
	NUM_MEM_REQUESTS        : 18482
	NUM_MEM_RESPONSES       : 18482
	AVG_RESPONSE_LATENCY    : 141
	NUM_TTIMEDOUT_REQUESTS  : 0
	INSTR_PER_CYCLE         : 2.098576
Cache:
	CACHE_NUM_ACCESSES    : 37415
	CACHE_NUM_HITS        : 14250
	CACHE_HIT_RATE_PERC   : 38.09
	MISSES_PER_1000_INSTR : 94.26

========================================

[END OF GPU SIMULATION]
