Reading GPU Configurations...
Block Scheduling Policy: ROUND_ROBIN
Warp Scheduling Policy: GTO
trace type : nvbit
> trace_path: /storage/ice-shared/cs8803o21/macsim_traces/backprop/8192/Kernel0/trace.txt truncate_size: 0
 trace type : nvbit
# of blocks: 512, # of warps: 4096, # of Instrs: 429568
> trace_path: /storage/ice-shared/cs8803o21/macsim_traces/backprop/8192/Kernel1/trace.txt truncate_size: 0
 trace type : nvbit
# of blocks: 512, # of warps: 4096, # of Instrs: 180247
Macsim started @ Fri Oct 10 13:01:05 2025

**************************************************
========== starting kernel 0 ==========
RAM resp id:0 m_cycle=236 req_time=33 resp_time=203 total_latency=203
RAM resp id:1000 m_cycle=14384 req_time=14181 resp_time=203 total_latency=169571
RAM resp id:2000 m_cycle=25942 req_time=25739 resp_time=203 total_latency=311589
RAM resp id:3000 m_cycle=37708 req_time=37505 resp_time=203 total_latency=448106
RAM resp id:4000 m_cycle=49380 req_time=49177 resp_time=203 total_latency=583953
RAM resp id:5000 m_cycle=61215 req_time=61012 resp_time=203 total_latency=719261
RAM resp id:6000 m_cycle=72861 req_time=72658 resp_time=203 total_latency=857036
core 0 retired
core 4 retired
core 7 retired
core 2 retired
core 3 retired
core 6 retired
core 1 retired
core 5 retired
========== kernel 0 summary ==========
Core: 0
	CORE0_TOT_CYCLES   : 78236
	CORE0_STALL_CYCLES : 22610
	CORE0_LD_INSTR     : 418
	CORE0_ST_INSTR     : 151
	CORE0_TOT_INSTR    : 78236
Core: 1
	CORE1_TOT_CYCLES   : 78630
	CORE1_STALL_CYCLES : 23845
	CORE1_LD_INSTR     : 434
	CORE1_ST_INSTR     : 141
	CORE1_TOT_INSTR    : 78630
Core: 2
	CORE2_TOT_CYCLES   : 78371
	CORE2_STALL_CYCLES : 23575
	CORE2_LD_INSTR     : 438
	CORE2_ST_INSTR     : 148
	CORE2_TOT_INSTR    : 78371
Core: 3
	CORE3_TOT_CYCLES   : 78386
	CORE3_STALL_CYCLES : 23629
	CORE3_LD_INSTR     : 434
	CORE3_ST_INSTR     : 113
	CORE3_TOT_INSTR    : 78386
Core: 4
	CORE4_TOT_CYCLES   : 78280
	CORE4_STALL_CYCLES : 23524
	CORE4_LD_INSTR     : 428
	CORE4_ST_INSTR     : 118
	CORE4_TOT_INSTR    : 78280
Core: 5
	CORE5_TOT_CYCLES   : 78763
	CORE5_STALL_CYCLES : 24004
	CORE5_LD_INSTR     : 440
	CORE5_ST_INSTR     : 109
	CORE5_TOT_INSTR    : 78763
Core: 6
	CORE6_TOT_CYCLES   : 78390
	CORE6_STALL_CYCLES : 23603
	CORE6_LD_INSTR     : 428
	CORE6_ST_INSTR     : 149
	CORE6_TOT_INSTR    : 78390
Core: 7
	CORE7_TOT_CYCLES   : 78350
	CORE7_STALL_CYCLES : 24424
	CORE7_LD_INSTR     : 458
	CORE7_ST_INSTR     : 105
	CORE7_TOT_INSTR    : 78350
========== starting kernel 1 ==========
RAM resp id:7000 m_cycle=83981 req_time=83778 resp_time=203 total_latency=1029376
RAM resp id:8000 m_cycle=92260 req_time=92057 resp_time=203 total_latency=1195933
RAM resp id:9000 m_cycle=99732 req_time=99528 resp_time=204 total_latency=1348174
[Cycle: 100000]: mem_requests: 9060, mem_responses: 9041, avg_latency: 149
RAM resp id:10000 m_cycle=107122 req_time=106917 resp_time=205 total_latency=1500413
RAM resp id:11000 m_cycle=114641 req_time=114438 resp_time=203 total_latency=1652770
RAM resp id:12000 m_cycle=122197 req_time=121994 resp_time=203 total_latency=1806518
RAM resp id:13000 m_cycle=129647 req_time=0 resp_time=0 total_latency=1955033
RAM resp id:14000 m_cycle=137159 req_time=0 resp_time=0 total_latency=2104098
RAM resp id:15000 m_cycle=144678 req_time=144475 resp_time=203 total_latency=2254840
core 3 retired
core 0 retired
core 2 retired
core 4 retired
core 1 retired
core 7 retired
core 6 retired
core 5 retired
========== kernel 1 summary ==========
Core: 0
	CORE0_TOT_CYCLES   : 146519
	CORE0_STALL_CYCLES : 66809
	CORE0_LD_INSTR     : 833
	CORE0_ST_INSTR     : 20
	CORE0_TOT_INSTR    : 146519
Core: 1
	CORE1_TOT_CYCLES   : 146797
	CORE1_STALL_CYCLES : 67987
	CORE1_LD_INSTR     : 844
	CORE1_ST_INSTR     : 7
	CORE1_TOT_INSTR    : 146797
Core: 2
	CORE2_TOT_CYCLES   : 146553
	CORE2_STALL_CYCLES : 67480
	CORE2_LD_INSTR     : 840
	CORE2_ST_INSTR     : 4
	CORE2_TOT_INSTR    : 146553
Core: 3
	CORE3_TOT_CYCLES   : 146501
	CORE3_STALL_CYCLES : 67492
	CORE3_LD_INSTR     : 820
	CORE3_ST_INSTR     : 14
	CORE3_TOT_INSTR    : 146501
Core: 4
	CORE4_TOT_CYCLES   : 146660
	CORE4_STALL_CYCLES : 67886
	CORE4_LD_INSTR     : 837
	CORE4_ST_INSTR     : 17
	CORE4_TOT_INSTR    : 146660
Core: 5
	CORE5_TOT_CYCLES   : 147656
	CORE5_STALL_CYCLES : 68279
	CORE5_LD_INSTR     : 849
	CORE5_ST_INSTR     : 8
	CORE5_TOT_INSTR    : 147656
Core: 6
	CORE6_TOT_CYCLES   : 147236
	CORE6_STALL_CYCLES : 67827
	CORE6_LD_INSTR     : 844
	CORE6_ST_INSTR     : 4
	CORE6_TOT_INSTR    : 147236
Core: 7
	CORE7_TOT_CYCLES   : 147086
	CORE7_STALL_CYCLES : 69203
	CORE7_LD_INSTR     : 844
	CORE7_ST_INSTR     : 19
	CORE7_TOT_INSTR    : 147086
GPU Retired.
**************************************************
Simulation finished @ Fri Oct 10 13:01:07 2025

Total simulation time: 0:0:2

============= MacSim Stats =============
Macsim:
	NUM_CYCLES              : 147655
	NUM_INSTRS_RETIRED      : 609815
	NUM_STALL_CYCLES        : 542963
	NUM_MEM_REQUESTS        : 15308
	NUM_MEM_RESPONSES       : 15307
	AVG_RESPONSE_LATENCY    : 150
	NUM_TTIMEDOUT_REQUESTS  : 0
	INSTR_PER_CYCLE         : 4.129999
Cache:
	CACHE_NUM_ACCESSES    : 64571
	CACHE_NUM_HITS        : 42524
	CACHE_HIT_RATE_PERC   : 65.86
	MISSES_PER_1000_INSTR : 36.15

========================================

[END OF GPU SIMULATION]
