Reading GPU Configurations...
Block Scheduling Policy: ROUND_ROBIN
Warp Scheduling Policy: GTO
trace type : nvbit
> trace_path: /storage/ice-shared/cs8803o21/macsim_traces/lavaMD/5/Kernel0/trace.txt truncate_size: 0
 trace type : nvbit
# of blocks: 125, # of warps: 500, # of Instrs: 43276498
Macsim started @ Fri Oct 10 13:00:55 2025

**************************************************
========== starting kernel 0 ==========
RAM resp id:0 m_cycle=240 req_time=37 resp_time=203 total_latency=203
[Cycle: 100000]: mem_requests: 221, mem_responses: 221, avg_latency: 205
[Cycle: 200000]: mem_requests: 329, mem_responses: 329, avg_latency: 204
[Cycle: 300000]: mem_requests: 382, mem_responses: 382, avg_latency: 204
[Cycle: 400000]: mem_requests: 464, mem_responses: 464, avg_latency: 203
[Cycle: 500000]: mem_requests: 523, mem_responses: 523, avg_latency: 203
[Cycle: 600000]: mem_requests: 594, mem_responses: 594, avg_latency: 201
[Cycle: 700000]: mem_requests: 664, mem_responses: 664, avg_latency: 197
[Cycle: 800000]: mem_requests: 724, mem_responses: 724, avg_latency: 192
[Cycle: 900000]: mem_requests: 918, mem_responses: 918, avg_latency: 186
RAM resp id:1000 m_cycle=942306 req_time=942103 resp_time=203 total_latency=184256
[Cycle: 1000000]: mem_requests: 1083, mem_responses: 1082, avg_latency: 182
[Cycle: 1100000]: mem_requests: 1187, mem_responses: 1187, avg_latency: 181
[Cycle: 1200000]: mem_requests: 1234, mem_responses: 1234, avg_latency: 181
[Cycle: 1300000]: mem_requests: 1316, mem_responses: 1316, avg_latency: 180
[Cycle: 1400000]: mem_requests: 1416, mem_responses: 1416, avg_latency: 180
[Cycle: 1500000]: mem_requests: 1495, mem_responses: 1495, avg_latency: 179
[Cycle: 1600000]: mem_requests: 1596, mem_responses: 1596, avg_latency: 178
[Cycle: 1700000]: mem_requests: 1650, mem_responses: 1650, avg_latency: 178
[Cycle: 1800000]: mem_requests: 1785, mem_responses: 1785, avg_latency: 178
[Cycle: 1900000]: mem_requests: 1859, mem_responses: 1859, avg_latency: 178
[Cycle: 2000000]: mem_requests: 1904, mem_responses: 1904, avg_latency: 178
RAM resp id:2000 m_cycle=2080630 req_time=2080427 resp_time=203 total_latency=358228
[Cycle: 2100000]: mem_requests: 2036, mem_responses: 2036, avg_latency: 179
[Cycle: 2200000]: mem_requests: 2227, mem_responses: 2227, avg_latency: 179
[Cycle: 2300000]: mem_requests: 2348, mem_responses: 2348, avg_latency: 179
[Cycle: 2400000]: mem_requests: 2434, mem_responses: 2434, avg_latency: 179
[Cycle: 2500000]: mem_requests: 2532, mem_responses: 2532, avg_latency: 179
[Cycle: 2600000]: mem_requests: 2610, mem_responses: 2610, avg_latency: 179
[Cycle: 2700000]: mem_requests: 2726, mem_responses: 2726, avg_latency: 178
[Cycle: 2800000]: mem_requests: 2813, mem_responses: 2813, avg_latency: 178
[Cycle: 2900000]: mem_requests: 2896, mem_responses: 2895, avg_latency: 178
[Cycle: 3000000]: mem_requests: 2994, mem_responses: 2994, avg_latency: 178
RAM resp id:3000 m_cycle=3001354 req_time=3001151 resp_time=203 total_latency=536465
[Cycle: 3100000]: mem_requests: 3140, mem_responses: 3140, avg_latency: 179
[Cycle: 3200000]: mem_requests: 3200, mem_responses: 3200, avg_latency: 178
[Cycle: 3300000]: mem_requests: 3264, mem_responses: 3264, avg_latency: 178
[Cycle: 3400000]: mem_requests: 3435, mem_responses: 3433, avg_latency: 179
[Cycle: 3500000]: mem_requests: 3618, mem_responses: 3618, avg_latency: 179
[Cycle: 3600000]: mem_requests: 3724, mem_responses: 3724, avg_latency: 179
[Cycle: 3700000]: mem_requests: 3833, mem_responses: 3833, avg_latency: 179
[Cycle: 3800000]: mem_requests: 3962, mem_responses: 3962, avg_latency: 179
RAM resp id:4000 m_cycle=3881688 req_time=0 resp_time=0 total_latency=717139
[Cycle: 3900000]: mem_requests: 4033, mem_responses: 4033, avg_latency: 179
[Cycle: 4000000]: mem_requests: 4127, mem_responses: 4127, avg_latency: 179
[Cycle: 4100000]: mem_requests: 4225, mem_responses: 4224, avg_latency: 179
[Cycle: 4200000]: mem_requests: 4282, mem_responses: 4282, avg_latency: 179
[Cycle: 4300000]: mem_requests: 4386, mem_responses: 4386, avg_latency: 179
[Cycle: 4400000]: mem_requests: 4494, mem_responses: 4494, avg_latency: 179
[Cycle: 4500000]: mem_requests: 4525, mem_responses: 4525, avg_latency: 178
[Cycle: 4600000]: mem_requests: 4631, mem_responses: 4630, avg_latency: 178
[Cycle: 4700000]: mem_requests: 4805, mem_responses: 4804, avg_latency: 178
[Cycle: 4800000]: mem_requests: 4918, mem_responses: 4918, avg_latency: 179
RAM resp id:5000 m_cycle=4862501 req_time=4862298 resp_time=203 total_latency=896795
[Cycle: 4900000]: mem_requests: 5019, mem_responses: 5019, avg_latency: 179
[Cycle: 5000000]: mem_requests: 5082, mem_responses: 5082, avg_latency: 179
[Cycle: 5100000]: mem_requests: 5184, mem_responses: 5184, avg_latency: 178
[Cycle: 5200000]: mem_requests: 5234, mem_responses: 5234, avg_latency: 178
[Cycle: 5300000]: mem_requests: 5346, mem_responses: 5346, avg_latency: 178
[Cycle: 5400000]: mem_requests: 5424, mem_responses: 5424, avg_latency: 178
core 0 retired
core 3 retired
core 7 retired
core 1 retired
[Cycle: 5500000]: mem_requests: 5428, mem_responses: 5428, avg_latency: 178
core 5 retired
core 6 retired
core 2 retired
core 4 retired
========== kernel 0 summary ==========
Core: 0
	CORE0_TOT_CYCLES   : 5440941
	CORE0_STALL_CYCLES : 2806
	CORE0_LD_INSTR     : 666
	CORE0_ST_INSTR     : 0
	CORE0_TOT_INSTR    : 5440941
Core: 1
	CORE1_TOT_CYCLES   : 5461122
	CORE1_STALL_CYCLES : 3131
	CORE1_LD_INSTR     : 551
	CORE1_ST_INSTR     : 0
	CORE1_TOT_INSTR    : 5461122
Core: 2
	CORE2_TOT_CYCLES   : 5542447
	CORE2_STALL_CYCLES : 4270
	CORE2_LD_INSTR     : 496
	CORE2_ST_INSTR     : 0
	CORE2_TOT_INSTR    : 5542447
Core: 3
	CORE3_TOT_CYCLES   : 5441621
	CORE3_STALL_CYCLES : 3630
	CORE3_LD_INSTR     : 522
	CORE3_ST_INSTR     : 0
	CORE3_TOT_INSTR    : 5441621
Core: 4
	CORE4_TOT_CYCLES   : 5561431
	CORE4_STALL_CYCLES : 3193
	CORE4_LD_INSTR     : 586
	CORE4_ST_INSTR     : 0
	CORE4_TOT_INSTR    : 5561431
Core: 5
	CORE5_TOT_CYCLES   : 5522933
	CORE5_STALL_CYCLES : 4466
	CORE5_LD_INSTR     : 757
	CORE5_ST_INSTR     : 0
	CORE5_TOT_INSTR    : 5522933
Core: 6
	CORE6_TOT_CYCLES   : 5541627
	CORE6_STALL_CYCLES : 3378
	CORE6_LD_INSTR     : 568
	CORE6_ST_INSTR     : 0
	CORE6_TOT_INSTR    : 5541627
Core: 7
	CORE7_TOT_CYCLES   : 5442459
	CORE7_STALL_CYCLES : 4014
	CORE7_LD_INSTR     : 619
	CORE7_ST_INSTR     : 0
	CORE7_TOT_INSTR    : 5442459
GPU Retired.
**************************************************
Simulation finished @ Fri Oct 10 13:01:01 2025

Total simulation time: 0:0:6

============= MacSim Stats =============
Macsim:
	NUM_CYCLES              : 5561430
	NUM_INSTRS_RETIRED      : 43920412
	NUM_STALL_CYCLES        : 28888
	NUM_MEM_REQUESTS        : 5428
	NUM_MEM_RESPONSES       : 5428
	AVG_RESPONSE_LATENCY    : 178
	NUM_TTIMEDOUT_REQUESTS  : 0
	INSTR_PER_CYCLE         : 7.897324
Cache:
	CACHE_NUM_ACCESSES    : 631425
	CACHE_NUM_HITS        : 190639
	CACHE_HIT_RATE_PERC   : 30.19
	MISSES_PER_1000_INSTR : 10.04

========================================

[END OF GPU SIMULATION]
