Reading GPU Configurations...
Block Scheduling Policy: ROUND_ROBIN
Warp Scheduling Policy: GTO
trace type : nvbit
> trace_path: /storage/ice-shared/cs8803o21/macsim_traces/crystal/q12/Kernel0/trace.txt truncate_size: 0
 trace type : nvbit
# of blocks: 1024, # of warps: 4096, # of Instrs: 868352
Macsim started @ Fri Oct 10 13:01:08 2025

**************************************************
========== starting kernel 0 ==========
RAM resp id:0 m_cycle=288 req_time=85 resp_time=203 total_latency=203
RAM resp id:1000 m_cycle=7623 req_time=7420 resp_time=203 total_latency=204039
RAM resp id:2000 m_cycle=15518 req_time=15315 resp_time=203 total_latency=407149
RAM resp id:3000 m_cycle=23602 req_time=23399 resp_time=203 total_latency=610198
RAM resp id:4000 m_cycle=31650 req_time=31447 resp_time=203 total_latency=813198
RAM resp id:5000 m_cycle=39767 req_time=39564 resp_time=203 total_latency=1016198
RAM resp id:6000 m_cycle=47655 req_time=47452 resp_time=203 total_latency=1219198
RAM resp id:7000 m_cycle=55758 req_time=55555 resp_time=203 total_latency=1422198
RAM resp id:8000 m_cycle=63806 req_time=63603 resp_time=203 total_latency=1625198
RAM resp id:9000 m_cycle=71923 req_time=71720 resp_time=203 total_latency=1828198
RAM resp id:10000 m_cycle=79959 req_time=79756 resp_time=203 total_latency=2031198
RAM resp id:11000 m_cycle=87914 req_time=87711 resp_time=203 total_latency=2234198
RAM resp id:12000 m_cycle=95962 req_time=95759 resp_time=203 total_latency=2437198
[Cycle: 100000]: mem_requests: 12536, mem_responses: 12504, avg_latency: 203
RAM resp id:13000 m_cycle=104079 req_time=103876 resp_time=203 total_latency=2640198
RAM resp id:14000 m_cycle=112115 req_time=111912 resp_time=203 total_latency=2843198
RAM resp id:15000 m_cycle=120218 req_time=120015 resp_time=203 total_latency=3046198
RAM resp id:16000 m_cycle=128266 req_time=128063 resp_time=203 total_latency=3249198
RAM resp id:17000 m_cycle=136275 req_time=136072 resp_time=203 total_latency=3452198
RAM resp id:18000 m_cycle=144311 req_time=144108 resp_time=203 total_latency=3655198
RAM resp id:19000 m_cycle=152414 req_time=152211 resp_time=203 total_latency=3858198
RAM resp id:20000 m_cycle=160462 req_time=160259 resp_time=203 total_latency=4061198
RAM resp id:21000 m_cycle=168579 req_time=168376 resp_time=203 total_latency=4264198
RAM resp id:22000 m_cycle=176231 req_time=176028 resp_time=203 total_latency=4467198
RAM resp id:23000 m_cycle=184334 req_time=184131 resp_time=203 total_latency=4670198
RAM resp id:24000 m_cycle=192382 req_time=192179 resp_time=203 total_latency=4873198
[Cycle: 200000]: mem_requests: 24964, mem_responses: 24952, avg_latency: 203
RAM resp id:25000 m_cycle=200499 req_time=200296 resp_time=203 total_latency=5076198
RAM resp id:26000 m_cycle=208535 req_time=208332 resp_time=203 total_latency=5279198
RAM resp id:27000 m_cycle=216490 req_time=216287 resp_time=203 total_latency=5482198
RAM resp id:28000 m_cycle=224538 req_time=224335 resp_time=203 total_latency=5685198
RAM resp id:29000 m_cycle=232655 req_time=232452 resp_time=203 total_latency=5888198
RAM resp id:30000 m_cycle=240691 req_time=240488 resp_time=203 total_latency=6091198
RAM resp id:31000 m_cycle=248794 req_time=248591 resp_time=203 total_latency=6294198
RAM resp id:32000 m_cycle=256842 req_time=256639 resp_time=203 total_latency=6497198
RAM resp id:33000 m_cycle=264811 req_time=264608 resp_time=203 total_latency=6700198
RAM resp id:34000 m_cycle=272847 req_time=272644 resp_time=203 total_latency=6903198
RAM resp id:35000 m_cycle=280950 req_time=280747 resp_time=203 total_latency=7106198
RAM resp id:36000 m_cycle=288998 req_time=288795 resp_time=203 total_latency=7309198
RAM resp id:37000 m_cycle=297115 req_time=296912 resp_time=203 total_latency=7512198
[Cycle: 300000]: mem_requests: 37380, mem_responses: 37376, avg_latency: 203
RAM resp id:38000 m_cycle=305043 req_time=304840 resp_time=203 total_latency=7715198
RAM resp id:39000 m_cycle=313146 req_time=312943 resp_time=203 total_latency=7918198
RAM resp id:40000 m_cycle=321194 req_time=320991 resp_time=203 total_latency=8121198
RAM resp id:41000 m_cycle=329311 req_time=329108 resp_time=203 total_latency=8324198
RAM resp id:42000 m_cycle=337347 req_time=337144 resp_time=203 total_latency=8527198
RAM resp id:43000 m_cycle=345066 req_time=344863 resp_time=203 total_latency=8730198
RAM resp id:44000 m_cycle=353114 req_time=352911 resp_time=203 total_latency=8933198
RAM resp id:45000 m_cycle=361231 req_time=361028 resp_time=203 total_latency=9136198
RAM resp id:46000 m_cycle=369267 req_time=369064 resp_time=203 total_latency=9339198
RAM resp id:47000 m_cycle=377370 req_time=377167 resp_time=203 total_latency=9542198
RAM resp id:48000 m_cycle=385418 req_time=385215 resp_time=203 total_latency=9745198
RAM resp id:49000 m_cycle=393387 req_time=393184 resp_time=203 total_latency=9948198
[Cycle: 400000]: mem_requests: 49832, mem_responses: 49800, avg_latency: 203
RAM resp id:50000 m_cycle=401423 req_time=401220 resp_time=203 total_latency=10151198
RAM resp id:51000 m_cycle=409526 req_time=409323 resp_time=203 total_latency=10354198
RAM resp id:52000 m_cycle=417574 req_time=417371 resp_time=203 total_latency=10557198
RAM resp id:53000 m_cycle=425691 req_time=425488 resp_time=203 total_latency=10760198
RAM resp id:54000 m_cycle=433579 req_time=433376 resp_time=203 total_latency=10963198
RAM resp id:55000 m_cycle=441682 req_time=441479 resp_time=203 total_latency=11166198
RAM resp id:56000 m_cycle=449730 req_time=449527 resp_time=203 total_latency=11369198
RAM resp id:57000 m_cycle=457847 req_time=457644 resp_time=203 total_latency=11572198
RAM resp id:58000 m_cycle=465883 req_time=465680 resp_time=203 total_latency=11775198
RAM resp id:59000 m_cycle=473878 req_time=473675 resp_time=203 total_latency=11978198
RAM resp id:60000 m_cycle=481926 req_time=481723 resp_time=203 total_latency=12181198
RAM resp id:61000 m_cycle=490043 req_time=489840 resp_time=203 total_latency=12384198
RAM resp id:62000 m_cycle=498079 req_time=497876 resp_time=203 total_latency=12587198
[Cycle: 500000]: mem_requests: 62286, mem_responses: 62258, avg_latency: 203
RAM resp id:63000 m_cycle=506182 req_time=505979 resp_time=203 total_latency=12790198
RAM resp id:64000 m_cycle=514230 req_time=514027 resp_time=203 total_latency=12993198
RAM resp id:65000 m_cycle=521963 req_time=521760 resp_time=203 total_latency=13196198
core 3 retired
core 1 retired
core 4 retired
core 2 retired
core 5 retired
core 6 retired
core 0 retired
core 7 retired
========== kernel 0 summary ==========
Core: 0
	CORE0_TOT_CYCLES   : 526476
	CORE0_STALL_CYCLES : 409226
	CORE0_LD_INSTR     : 8192
	CORE0_ST_INSTR     : 0
	CORE0_TOT_INSTR    : 526476
Core: 1
	CORE1_TOT_CYCLES   : 526305
	CORE1_STALL_CYCLES : 409055
	CORE1_LD_INSTR     : 8192
	CORE1_ST_INSTR     : 0
	CORE1_TOT_INSTR    : 526305
Core: 2
	CORE2_TOT_CYCLES   : 526392
	CORE2_STALL_CYCLES : 409142
	CORE2_LD_INSTR     : 8192
	CORE2_ST_INSTR     : 0
	CORE2_TOT_INSTR    : 526392
Core: 3
	CORE3_TOT_CYCLES   : 526292
	CORE3_STALL_CYCLES : 409042
	CORE3_LD_INSTR     : 8192
	CORE3_ST_INSTR     : 0
	CORE3_TOT_INSTR    : 526292
Core: 4
	CORE4_TOT_CYCLES   : 526385
	CORE4_STALL_CYCLES : 409135
	CORE4_LD_INSTR     : 8192
	CORE4_ST_INSTR     : 0
	CORE4_TOT_INSTR    : 526385
Core: 5
	CORE5_TOT_CYCLES   : 526397
	CORE5_STALL_CYCLES : 409147
	CORE5_LD_INSTR     : 8192
	CORE5_ST_INSTR     : 0
	CORE5_TOT_INSTR    : 526397
Core: 6
	CORE6_TOT_CYCLES   : 526405
	CORE6_STALL_CYCLES : 409155
	CORE6_LD_INSTR     : 8192
	CORE6_ST_INSTR     : 0
	CORE6_TOT_INSTR    : 526405
Core: 7
	CORE7_TOT_CYCLES   : 526487
	CORE7_STALL_CYCLES : 409237
	CORE7_LD_INSTR     : 8192
	CORE7_ST_INSTR     : 0
	CORE7_TOT_INSTR    : 526487
GPU Retired.
**************************************************
Simulation finished @ Fri Oct 10 13:01:09 2025

Total simulation time: 0:0:1

============= MacSim Stats =============
Macsim:
	NUM_CYCLES              : 526486
	NUM_INSTRS_RETIRED      : 868352
	NUM_STALL_CYCLES        : 3273139
	NUM_MEM_REQUESTS        : 65536
	NUM_MEM_RESPONSES       : 65536
	AVG_RESPONSE_LATENCY    : 203
	NUM_TTIMEDOUT_REQUESTS  : 0
	INSTR_PER_CYCLE         : 1.649335
Cache:
	CACHE_NUM_ACCESSES    : 131072
	CACHE_NUM_HITS        : 65536
	CACHE_HIT_RATE_PERC   : 50.00
	MISSES_PER_1000_INSTR : 75.47

========================================

[END OF GPU SIMULATION]
