Reading GPU Configurations...Block Scheduling Policy: ROUND_ROBIN
Warp Scheduling Policy: ROUND_ROBIN
trace type : nvbit
> trace_path: /fast_data2/echung67/pj4/macsim_traces/cnn_half/Kernel0/trace.txt truncate_size: 0
 trace type : nvbit
# of blocks: 184, # of warps: 1472, # of Instrs: 450112
> trace_path: /fast_data2/echung67/pj4/macsim_traces/cnn_half/Kernel1/trace.txt truncate_size: 0
 trace type : nvbit
# of blocks: 1024, # of warps: 2048, # of Instrs: 4253744
> trace_path: /fast_data2/echung67/pj4/macsim_traces/cnn_half/Kernel2/trace.txt truncate_size: 0
 trace type : nvbit
# of blocks: 2048, # of warps: 8192, # of Instrs: 1581056
> trace_path: /fast_data2/echung67/pj4/macsim_traces/cnn_half/Kernel3/trace.txt truncate_size: 0
 trace type : nvbit
# of blocks: 2048, # of warps: 8192, # of Instrs: 352256
> trace_path: /fast_data2/echung67/pj4/macsim_traces/cnn_half/Kernel4/trace.txt truncate_size: 0
 trace type : nvbit
# of blocks: 1024, # of warps: 8192, # of Instrs: 2196650
> trace_path: /fast_data2/echung67/pj4/macsim_traces/cnn_half/Kernel5/trace.txt truncate_size: 0
 trace type : nvbit
# of blocks: 256, # of warps: 2048, # of Instrs: 362560
> trace_path: /fast_data2/echung67/pj4/macsim_traces/cnn_half/Kernel6/trace.txt truncate_size: 0
 trace type : nvbit
# of blocks: 64, # of warps: 512, # of Instrs: 77120
> trace_path: /fast_data2/echung67/pj4/macsim_traces/cnn_half/Kernel7/trace.txt truncate_size: 0
 trace type : nvbit
# of blocks: 5, # of warps: 40, # of Instrs: 3071
> trace_path: /fast_data2/echung67/pj4/macsim_traces/cnn_half/Kernel8/trace.txt truncate_size: 0
 trace type : nvbit
# of blocks: 32, # of warps: 256, # of Instrs: 2740160
> trace_path: /fast_data2/echung67/pj4/macsim_traces/cnn_half/Kernel9/trace.txt truncate_size: 0
 trace type : nvbit
# of blocks: 512, # of warps: 4096, # of Instrs: 681600
> trace_path: /fast_data2/echung67/pj4/macsim_traces/cnn_half/Kernel10/trace.txt truncate_size: 0
 trace type : nvbit
# of blocks: 1024, # of warps: 4096, # of Instrs: 790528
> trace_path: /fast_data2/echung67/pj4/macsim_traces/cnn_half/Kernel11/trace.txt truncate_size: 0
 trace type : nvbit
# of blocks: 1024, # of warps: 4096, # of Instrs: 176128
> trace_path: /fast_data2/echung67/pj4/macsim_traces/cnn_half/Kernel12/trace.txt truncate_size: 0
 trace type : nvbit
# of blocks: 512, # of warps: 4096, # of Instrs: 1095747
> trace_path: /fast_data2/echung67/pj4/macsim_traces/cnn_half/Kernel13/trace.txt truncate_size: 0
 trace type : nvbit
# of blocks: 32, # of warps: 512, # of Instrs: 91648
> trace_path: /fast_data2/echung67/pj4/macsim_traces/cnn_half/Kernel14/trace.txt truncate_size: 0
 trace type : nvbit
# of blocks: 2, # of warps: 8, # of Instrs: 5036
Macsim started @ Tue Sep 30 16:21:58 2025

**************************************************
========== starting kernel 0 ==========
RAM resp id:0 m_cycle=1264 req_time=1061 resp_time=203 total_latency=203
RAM resp id:1000 m_cycle=32991 req_time=0 resp_time=0 total_latency=155572
RAM resp id:2000 m_cycle=55752 req_time=0 resp_time=0 total_latency=259668
core 1 retired
core 0 retired
core 2 retired
core 3 retired
core 4 retired
core 5 retired
core 6 retired
core 7 retired
========== kernel 0 summary ==========
Core: 0
	CORE0_TOT_CYCLES   : 65450
	CORE0_STALL_CYCLES : 8817
	CORE0_LD_INSTR     : 0
	CORE0_ST_INSTR     : 183
	CORE0_TOT_INSTR    : 65450
Core: 1
	CORE1_TOT_CYCLES   : 65449
	CORE1_STALL_CYCLES : 8816
	CORE1_LD_INSTR     : 0
	CORE1_ST_INSTR     : 183
	CORE1_TOT_INSTR    : 65449
Core: 2
	CORE2_TOT_CYCLES   : 65503
	CORE2_STALL_CYCLES : 8870
	CORE2_LD_INSTR     : 0
	CORE2_ST_INSTR     : 183
	CORE2_TOT_INSTR    : 65503
Core: 3
	CORE3_TOT_CYCLES   : 65512
	CORE3_STALL_CYCLES : 8879
	CORE3_LD_INSTR     : 0
	CORE3_ST_INSTR     : 183
	CORE3_TOT_INSTR    : 65512
Core: 4
	CORE4_TOT_CYCLES   : 65520
	CORE4_STALL_CYCLES : 8887
	CORE4_LD_INSTR     : 0
	CORE4_ST_INSTR     : 183
	CORE4_TOT_INSTR    : 65520
Core: 5
	CORE5_TOT_CYCLES   : 65526
	CORE5_STALL_CYCLES : 8893
	CORE5_LD_INSTR     : 0
	CORE5_ST_INSTR     : 183
	CORE5_TOT_INSTR    : 65526
Core: 6
	CORE6_TOT_CYCLES   : 65532
	CORE6_STALL_CYCLES : 8899
	CORE6_LD_INSTR     : 0
	CORE6_ST_INSTR     : 183
	CORE6_TOT_INSTR    : 65532
Core: 7
	CORE7_TOT_CYCLES   : 65538
	CORE7_STALL_CYCLES : 8905
	CORE7_LD_INSTR     : 0
	CORE7_ST_INSTR     : 183
	CORE7_TOT_INSTR    : 65538
========== starting kernel 1 ==========
RAM resp id:3000 m_cycle=73218 req_time=0 resp_time=0 total_latency=377096
RAM resp id:4000 m_cycle=76733 req_time=0 resp_time=0 total_latency=481108
RAM resp id:5000 m_cycle=80136 req_time=0 resp_time=0 total_latency=582869
RAM resp id:6000 m_cycle=83586 req_time=0 resp_time=0 total_latency=684399
RAM resp id:7000 m_cycle=92271 req_time=0 resp_time=0 total_latency=793446
RAM resp id:8000 m_cycle=95740 req_time=0 resp_time=0 total_latency=896184
RAM resp id:9000 m_cycle=99205 req_time=99002 resp_time=203 total_latency=998126
[Cycle: 100000]: mem_requests: 9300, mem_responses: 9239, avg_latency: 110
RAM resp id:10000 m_cycle=102691 req_time=0 resp_time=0 total_latency=1099047
RAM resp id:11000 m_cycle=112575 req_time=0 resp_time=0 total_latency=1207101
RAM resp id:12000 m_cycle=116084 req_time=115881 resp_time=203 total_latency=1310873
RAM resp id:13000 m_cycle=119604 req_time=119401 resp_time=203 total_latency=1412422
RAM resp id:14000 m_cycle=123611 req_time=0 resp_time=0 total_latency=1512528
RAM resp id:15000 m_cycle=132392 req_time=132189 resp_time=203 total_latency=1624219
RAM resp id:16000 m_cycle=135881 req_time=135676 resp_time=205 total_latency=1725756
RAM resp id:17000 m_cycle=139361 req_time=0 resp_time=0 total_latency=1827090
RAM resp id:18000 m_cycle=143040 req_time=0 resp_time=0 total_latency=1927403
RAM resp id:19000 m_cycle=152346 req_time=0 resp_time=0 total_latency=2038286
RAM resp id:20000 m_cycle=155825 req_time=0 resp_time=0 total_latency=2140838
RAM resp id:21000 m_cycle=159310 req_time=159107 resp_time=203 total_latency=2242367
RAM resp id:22000 m_cycle=163054 req_time=0 resp_time=0 total_latency=2342474
RAM resp id:23000 m_cycle=171864 req_time=0 resp_time=0 total_latency=2453944
RAM resp id:24000 m_cycle=175316 req_time=0 resp_time=0 total_latency=2555675
RAM resp id:25000 m_cycle=178769 req_time=0 resp_time=0 total_latency=2657002
RAM resp id:26000 m_cycle=187711 req_time=187508 resp_time=203 total_latency=2759336
RAM resp id:27000 m_cycle=192053 req_time=0 resp_time=0 total_latency=2867156
RAM resp id:28000 m_cycle=195525 req_time=0 resp_time=0 total_latency=2969103
RAM resp id:29000 m_cycle=198957 req_time=198754 resp_time=203 total_latency=3070638
[Cycle: 200000]: mem_requests: 29315, mem_responses: 29274, avg_latency: 105
RAM resp id:30000 m_cycle=207871 req_time=0 resp_time=0 total_latency=3173581
RAM resp id:31000 m_cycle=211788 req_time=211585 resp_time=203 total_latency=3280182
RAM resp id:32000 m_cycle=215210 req_time=0 resp_time=0 total_latency=3381930
RAM resp id:33000 m_cycle=218655 req_time=0 resp_time=0 total_latency=3483457
RAM resp id:34000 m_cycle=227074 req_time=0 resp_time=0 total_latency=3585987
RAM resp id:35000 m_cycle=230861 req_time=230658 resp_time=203 total_latency=3689352
RAM resp id:36000 m_cycle=234302 req_time=0 resp_time=0 total_latency=3790881
RAM resp id:37000 m_cycle=237739 req_time=237536 resp_time=203 total_latency=3892444
RAM resp id:38000 m_cycle=246294 req_time=0 resp_time=0 total_latency=3994365
RAM resp id:39000 m_cycle=250565 req_time=0 resp_time=0 total_latency=4098539
RAM resp id:40000 m_cycle=253996 req_time=253793 resp_time=203 total_latency=4200076
RAM resp id:41000 m_cycle=257648 req_time=257444 resp_time=204 total_latency=4300598
RAM resp id:42000 m_cycle=266431 req_time=0 resp_time=0 total_latency=4402715
RAM resp id:43000 m_cycle=270312 req_time=0 resp_time=0 total_latency=4505668
RAM resp id:44000 m_cycle=273762 req_time=273559 resp_time=203 total_latency=4607394
RAM resp id:45000 m_cycle=277660 req_time=0 resp_time=0 total_latency=4707712
RAM resp id:46000 m_cycle=286030 req_time=285827 resp_time=203 total_latency=4810439
RAM resp id:47000 m_cycle=289898 req_time=0 resp_time=0 total_latency=4912985
RAM resp id:48000 m_cycle=293349 req_time=0 resp_time=0 total_latency=5014507
RAM resp id:49000 m_cycle=296960 req_time=0 resp_time=0 total_latency=5115627
[Cycle: 300000]: mem_requests: 49519, mem_responses: 49505, avg_latency: 104
RAM resp id:50000 m_cycle=305568 req_time=0 resp_time=0 total_latency=5217741
RAM resp id:51000 m_cycle=309368 req_time=309165 resp_time=203 total_latency=5320918
RAM resp id:52000 m_cycle=312860 req_time=0 resp_time=0 total_latency=5422267
RAM resp id:53000 m_cycle=316654 req_time=0 resp_time=0 total_latency=5522379
RAM resp id:54000 m_cycle=325600 req_time=325397 resp_time=203 total_latency=5625113
RAM resp id:55000 m_cycle=329200 req_time=328997 resp_time=203 total_latency=5727469
RAM resp id:56000 m_cycle=332659 req_time=0 resp_time=0 total_latency=5829411
RAM resp id:57000 m_cycle=336567 req_time=336364 resp_time=203 total_latency=5929914
RAM resp id:58000 m_cycle=345634 req_time=345431 resp_time=203 total_latency=6033861
RAM resp id:59000 m_cycle=349157 req_time=348954 resp_time=203 total_latency=6135397
RAM resp id:60000 m_cycle=352639 req_time=352435 resp_time=204 total_latency=6236935
RAM resp id:61000 m_cycle=356746 req_time=356543 resp_time=203 total_latency=6337668
RAM resp id:62000 m_cycle=365340 req_time=365136 resp_time=204 total_latency=6441412
RAM resp id:63000 m_cycle=368806 req_time=0 resp_time=0 total_latency=6543556
RAM resp id:64000 m_cycle=372253 req_time=0 resp_time=0 total_latency=6644909
RAM resp id:65000 m_cycle=376806 req_time=0 resp_time=0 total_latency=6745211
RAM resp id:66000 m_cycle=385102 req_time=0 resp_time=0 total_latency=6850595
RAM resp id:67000 m_cycle=388612 req_time=0 resp_time=0 total_latency=6952345
RAM resp id:68000 m_cycle=392083 req_time=391880 resp_time=203 total_latency=7054076
RAM resp id:69000 m_cycle=396410 req_time=0 resp_time=0 total_latency=7154381
[Cycle: 400000]: mem_requests: 69321, mem_responses: 69306, avg_latency: 103
RAM resp id:70000 m_cycle=404687 req_time=404484 resp_time=203 total_latency=7260163
RAM resp id:71000 m_cycle=408170 req_time=407967 resp_time=203 total_latency=7361903
RAM resp id:72000 m_cycle=411647 req_time=0 resp_time=0 total_latency=7463444
RAM resp id:73000 m_cycle=415989 req_time=415786 resp_time=203 total_latency=7563546
RAM resp id:74000 m_cycle=424177 req_time=0 resp_time=0 total_latency=7667091
RAM resp id:75000 m_cycle=427618 req_time=0 resp_time=0 total_latency=7769034
RAM resp id:76000 m_cycle=431252 req_time=0 resp_time=0 total_latency=7870371
RAM resp id:77000 m_cycle=436462 req_time=436259 resp_time=203 total_latency=7970867
RAM resp id:78000 m_cycle=443888 req_time=443685 resp_time=203 total_latency=8075217
RAM resp id:79000 m_cycle=447400 req_time=447197 resp_time=203 total_latency=8177150
RAM resp id:80000 m_cycle=450805 req_time=450602 resp_time=203 total_latency=8278492
RAM resp id:81000 m_cycle=455637 req_time=0 resp_time=0 total_latency=8377801
RAM resp id:82000 m_cycle=463310 req_time=0 resp_time=0 total_latency=8482981
RAM resp id:83000 m_cycle=466837 req_time=0 resp_time=0 total_latency=8584738
RAM resp id:84000 m_cycle=470393 req_time=470190 resp_time=203 total_latency=8686254
RAM resp id:85000 m_cycle=479430 req_time=479227 resp_time=203 total_latency=8786753
RAM resp id:86000 m_cycle=483106 req_time=0 resp_time=0 total_latency=8889902
RAM resp id:87000 m_cycle=486595 req_time=0 resp_time=0 total_latency=8991638
RAM resp id:88000 m_cycle=490116 req_time=489913 resp_time=203 total_latency=9093380
RAM resp id:89000 m_cycle=499500 req_time=499297 resp_time=203 total_latency=9194694
[Cycle: 500000]: mem_requests: 89188, mem_responses: 89128, avg_latency: 103
RAM resp id:90000 m_cycle=503069 req_time=502866 resp_time=203 total_latency=9297659
RAM resp id:91000 m_cycle=506596 req_time=0 resp_time=0 total_latency=9399207
RAM resp id:92000 m_cycle=510042 req_time=509839 resp_time=203 total_latency=9500553
RAM resp id:93000 m_cycle=519500 req_time=519297 resp_time=203 total_latency=9604309
RAM resp id:94000 m_cycle=523018 req_time=522815 resp_time=203 total_latency=9706453
RAM resp id:95000 m_cycle=526475 req_time=0 resp_time=0 total_latency=9807985
RAM resp id:96000 m_cycle=529969 req_time=529766 resp_time=203 total_latency=9908701
RAM resp id:97000 m_cycle=539522 req_time=539319 resp_time=203 total_latency=10013679
RAM resp id:98000 m_cycle=543035 req_time=0 resp_time=0 total_latency=10115003
RAM resp id:99000 m_cycle=546512 req_time=546309 resp_time=203 total_latency=10216565
RAM resp id:100000 m_cycle=550099 req_time=549896 resp_time=203 total_latency=10317496
RAM resp id:101000 m_cycle=558721 req_time=0 resp_time=0 total_latency=10421451
RAM resp id:102000 m_cycle=562240 req_time=0 resp_time=0 total_latency=10523608
RAM resp id:103000 m_cycle=565686 req_time=565483 resp_time=203 total_latency=10625769
RAM resp id:104000 m_cycle=569276 req_time=569073 resp_time=203 total_latency=10726686
RAM resp id:105000 m_cycle=578301 req_time=0 resp_time=0 total_latency=10829423
RAM resp id:106000 m_cycle=581869 req_time=581666 resp_time=203 total_latency=10931572
RAM resp id:107000 m_cycle=585342 req_time=585139 resp_time=203 total_latency=11033707
RAM resp id:108000 m_cycle=589183 req_time=0 resp_time=0 total_latency=11134217
RAM resp id:109000 m_cycle=598359 req_time=0 resp_time=0 total_latency=11237964
[Cycle: 600000]: mem_requests: 109516, mem_responses: 109456, avg_latency: 103
RAM resp id:110000 m_cycle=601819 req_time=0 resp_time=0 total_latency=11339704
RAM resp id:111000 m_cycle=605255 req_time=605052 resp_time=203 total_latency=11441257
RAM resp id:112000 m_cycle=608928 req_time=608725 resp_time=203 total_latency=11542187
RAM resp id:113000 m_cycle=617876 req_time=0 resp_time=0 total_latency=11645137
RAM resp id:114000 m_cycle=621302 req_time=0 resp_time=0 total_latency=11747073
RAM resp id:115000 m_cycle=624772 req_time=624569 resp_time=203 total_latency=11848387
RAM resp id:116000 m_cycle=628282 req_time=0 resp_time=0 total_latency=11949719
RAM resp id:117000 m_cycle=637408 req_time=0 resp_time=0 total_latency=12052248
RAM resp id:118000 m_cycle=640837 req_time=0 resp_time=0 total_latency=12153981
RAM resp id:119000 m_cycle=644276 req_time=644073 resp_time=203 total_latency=12256139
RAM resp id:120000 m_cycle=647700 req_time=0 resp_time=0 total_latency=12357274
RAM resp id:121000 m_cycle=656576 req_time=0 resp_time=0 total_latency=12460615
RAM resp id:122000 m_cycle=659999 req_time=659796 resp_time=203 total_latency=12562148
RAM resp id:123000 m_cycle=663479 req_time=0 resp_time=0 total_latency=12663490
RAM resp id:124000 m_cycle=666967 req_time=666764 resp_time=203 total_latency=12764817
RAM resp id:125000 m_cycle=676082 req_time=0 resp_time=0 total_latency=12867959
RAM resp id:126000 m_cycle=679545 req_time=0 resp_time=0 total_latency=12969482
RAM resp id:127000 m_cycle=682995 req_time=682792 resp_time=203 total_latency=13071218
RAM resp id:128000 m_cycle=686490 req_time=686287 resp_time=203 total_latency=13172165
RAM resp id:129000 m_cycle=695777 req_time=695573 resp_time=204 total_latency=13275921
RAM resp id:130000 m_cycle=699219 req_time=0 resp_time=0 total_latency=13377526
[Cycle: 700000]: mem_requests: 130264, mem_responses: 130206, avg_latency: 102
RAM resp id:131000 m_cycle=702692 req_time=702488 resp_time=204 total_latency=13479062
RAM resp id:132000 m_cycle=706168 req_time=705965 resp_time=203 total_latency=13580832
RAM resp id:133000 m_cycle=715060 req_time=714857 resp_time=203 total_latency=13685215
RAM resp id:134000 m_cycle=718511 req_time=718308 resp_time=203 total_latency=13786957
RAM resp id:135000 m_cycle=721969 req_time=721766 resp_time=203 total_latency=13888287
RAM resp id:136000 m_cycle=725660 req_time=0 resp_time=0 total_latency=13989201
RAM resp id:137000 m_cycle=734739 req_time=0 resp_time=0 total_latency=14093165
RAM resp id:138000 m_cycle=738316 req_time=738113 resp_time=203 total_latency=14195098
RAM resp id:139000 m_cycle=741759 req_time=741556 resp_time=203 total_latency=14296842
RAM resp id:140000 m_cycle=750779 req_time=0 resp_time=0 total_latency=14396142
RAM resp id:141000 m_cycle=754735 req_time=754532 resp_time=203 total_latency=14501947
RAM resp id:142000 m_cycle=758224 req_time=0 resp_time=0 total_latency=14603067
RAM resp id:143000 m_cycle=761637 req_time=761434 resp_time=203 total_latency=14704801
RAM resp id:144000 m_cycle=770798 req_time=770595 resp_time=203 total_latency=14805515
RAM resp id:145000 m_cycle=775602 req_time=0 resp_time=0 total_latency=14907847
RAM resp id:146000 m_cycle=781773 req_time=0 resp_time=0 total_latency=15010382
RAM resp id:147000 m_cycle=786750 req_time=786547 resp_time=203 total_latency=15111288
RAM resp id:148000 m_cycle=792150 req_time=791947 resp_time=203 total_latency=15214638
RAM resp id:149000 m_cycle=798416 req_time=0 resp_time=0 total_latency=15314734
[Cycle: 800000]: mem_requests: 149365, mem_responses: 149313, avg_latency: 102
RAM resp id:150000 m_cycle=802536 req_time=802333 resp_time=203 total_latency=15417482
RAM resp id:151000 m_cycle=808854 req_time=808651 resp_time=203 total_latency=15518389
RAM resp id:152000 m_cycle=813620 req_time=813417 resp_time=203 total_latency=15620719
RAM resp id:153000 m_cycle=819598 req_time=0 resp_time=0 total_latency=15723051
RAM resp id:154000 m_cycle=823335 req_time=0 resp_time=0 total_latency=15824994
RAM resp id:155000 m_cycle=829542 req_time=829339 resp_time=203 total_latency=15926710
RAM resp id:156000 m_cycle=834622 req_time=834419 resp_time=203 total_latency=16026804
RAM resp id:157000 m_cycle=839893 req_time=839690 resp_time=203 total_latency=16130151
RAM resp id:158000 m_cycle=845487 req_time=0 resp_time=0 total_latency=16231269
RAM resp id:159000 m_cycle=850233 req_time=0 resp_time=0 total_latency=16335217
RAM resp id:160000 m_cycle=856121 req_time=855918 resp_time=203 total_latency=16437133
RAM resp id:161000 m_cycle=860233 req_time=0 resp_time=0 total_latency=16540083
RAM resp id:162000 m_cycle=866052 req_time=865849 resp_time=203 total_latency=16641810
RAM resp id:163000 m_cycle=871214 req_time=0 resp_time=0 total_latency=16744147
RAM resp id:164000 m_cycle=876688 req_time=0 resp_time=0 total_latency=16847283
RAM resp id:165000 m_cycle=880801 req_time=0 resp_time=0 total_latency=16948819
RAM resp id:166000 m_cycle=887302 req_time=0 resp_time=0 total_latency=17050755
RAM resp id:167000 m_cycle=892885 req_time=0 resp_time=0 total_latency=17152080
RAM resp id:168000 m_cycle=897648 req_time=897445 resp_time=203 total_latency=17255021
[Cycle: 900000]: mem_requests: 168704, mem_responses: 168657, avg_latency: 102
RAM resp id:169000 m_cycle=902233 req_time=902030 resp_time=203 total_latency=17354927
RAM resp id:170000 m_cycle=908227 req_time=0 resp_time=0 total_latency=17457662
RAM resp id:171000 m_cycle=914736 req_time=914533 resp_time=203 total_latency=17558966
RAM resp id:172000 m_cycle=921201 req_time=920998 resp_time=203 total_latency=17661496
RAM resp id:173000 m_cycle=924811 req_time=924608 resp_time=203 total_latency=17763216
RAM resp id:174000 m_cycle=929575 req_time=0 resp_time=0 total_latency=17864129
RAM resp id:175000 m_cycle=935217 req_time=935014 resp_time=203 total_latency=17966464
RAM resp id:176000 m_cycle=941100 req_time=940897 resp_time=203 total_latency=18070418
RAM resp id:177000 m_cycle=944966 req_time=0 resp_time=0 total_latency=18171532
RAM resp id:178000 m_cycle=949761 req_time=949558 resp_time=203 total_latency=18272844
RAM resp id:179000 m_cycle=955533 req_time=0 resp_time=0 total_latency=18373946
RAM resp id:180000 m_cycle=960976 req_time=0 resp_time=0 total_latency=18477718
RAM resp id:181000 m_cycle=964870 req_time=0 resp_time=0 total_latency=18578832
RAM resp id:182000 m_cycle=969361 req_time=969158 resp_time=203 total_latency=18679958
RAM resp id:183000 m_cycle=975704 req_time=975501 resp_time=203 total_latency=18782071
RAM resp id:184000 m_cycle=980777 req_time=0 resp_time=0 total_latency=18885211
RAM resp id:185000 m_cycle=984855 req_time=984652 resp_time=203 total_latency=18986736
RAM resp id:186000 m_cycle=989319 req_time=0 resp_time=0 total_latency=19088454
RAM resp id:187000 m_cycle=995609 req_time=0 resp_time=0 total_latency=19190573
[Cycle: 1000000]: mem_requests: 187893, mem_responses: 187840, avg_latency: 102
RAM resp id:188000 m_cycle=1000656 req_time=0 resp_time=0 total_latency=19294934
RAM resp id:189000 m_cycle=1004633 req_time=0 resp_time=0 total_latency=19397073
RAM resp id:190000 m_cycle=1009487 req_time=1009284 resp_time=203 total_latency=19499203
RAM resp id:191000 m_cycle=1015130 req_time=0 resp_time=0 total_latency=19602547
RAM resp id:192000 m_cycle=1019866 req_time=0 resp_time=0 total_latency=19706907
RAM resp id:193000 m_cycle=1023851 req_time=0 resp_time=0 total_latency=19808638
RAM resp id:194000 m_cycle=1028891 req_time=0 resp_time=0 total_latency=19909762
RAM resp id:195000 m_cycle=1035767 req_time=1035564 resp_time=203 total_latency=20011474
RAM resp id:196000 m_cycle=1040266 req_time=1040063 resp_time=203 total_latency=20115650
RAM resp id:197000 m_cycle=1044304 req_time=0 resp_time=0 total_latency=20216975
RAM resp id:198000 m_cycle=1049203 req_time=0 resp_time=0 total_latency=20318095
RAM resp id:199000 m_cycle=1055283 req_time=1055080 resp_time=203 total_latency=20420421
RAM resp id:200000 m_cycle=1059435 req_time=0 resp_time=0 total_latency=20523383
RAM resp id:201000 m_cycle=1063434 req_time=1063231 resp_time=203 total_latency=20624697
RAM resp id:202000 m_cycle=1068663 req_time=0 resp_time=0 total_latency=20725204
RAM resp id:203000 m_cycle=1075674 req_time=1075471 resp_time=203 total_latency=20828544
RAM resp id:204000 m_cycle=1079701 req_time=0 resp_time=0 total_latency=20930687
RAM resp id:205000 m_cycle=1083662 req_time=0 resp_time=0 total_latency=21032009
RAM resp id:206000 m_cycle=1088403 req_time=0 resp_time=0 total_latency=21133532
RAM resp id:207000 m_cycle=1095038 req_time=0 resp_time=0 total_latency=21235651
RAM resp id:208000 m_cycle=1099075 req_time=1098872 resp_time=203 total_latency=21338383
[Cycle: 1100000]: mem_requests: 208294, mem_responses: 208240, avg_latency: 102
RAM resp id:209000 m_cycle=1103044 req_time=1102841 resp_time=203 total_latency=21439895
RAM resp id:210000 m_cycle=1107721 req_time=0 resp_time=0 total_latency=21541003
RAM resp id:211000 m_cycle=1114183 req_time=1113980 resp_time=203 total_latency=21643327
RAM resp id:212000 m_cycle=1119281 req_time=0 resp_time=0 total_latency=21744642
RAM resp id:213000 m_cycle=1125541 req_time=1125338 resp_time=203 total_latency=21846769
RAM resp id:214000 m_cycle=1131652 req_time=1131449 resp_time=203 total_latency=21949500
RAM resp id:215000 m_cycle=1135756 req_time=1135553 resp_time=203 total_latency=22051626
RAM resp id:216000 m_cycle=1141621 req_time=1141418 resp_time=203 total_latency=22152532
RAM resp id:217000 m_cycle=1147632 req_time=0 resp_time=0 total_latency=22254247
RAM resp id:218000 m_cycle=1152548 req_time=0 resp_time=0 total_latency=22358405
RAM resp id:219000 m_cycle=1156765 req_time=1156562 resp_time=203 total_latency=22459940
RAM resp id:220000 m_cycle=1162189 req_time=0 resp_time=0 total_latency=22563282
RAM resp id:221000 m_cycle=1169004 req_time=1168801 resp_time=203 total_latency=22665821
RAM resp id:222000 m_cycle=1172966 req_time=1172763 resp_time=203 total_latency=22767763
RAM resp id:223000 m_cycle=1177011 req_time=0 resp_time=0 total_latency=22869298
RAM resp id:224000 m_cycle=1182395 req_time=1182191 resp_time=204 total_latency=22971628
RAM resp id:225000 m_cycle=1189014 req_time=1188811 resp_time=203 total_latency=23073753
RAM resp id:226000 m_cycle=1192920 req_time=0 resp_time=0 total_latency=23175697
RAM resp id:227000 m_cycle=1197500 req_time=0 resp_time=0 total_latency=23276405
[Cycle: 1200000]: mem_requests: 227445, mem_responses: 227403, avg_latency: 102
RAM resp id:228000 m_cycle=1203604 req_time=1203401 resp_time=203 total_latency=23377919
RAM resp id:229000 m_cycle=1209586 req_time=1209383 resp_time=203 total_latency=23481066
RAM resp id:230000 m_cycle=1213521 req_time=1213318 resp_time=203 total_latency=23582387
RAM resp id:231000 m_cycle=1219513 req_time=1219309 resp_time=204 total_latency=23683300
RAM resp id:232000 m_cycle=1224582 req_time=0 resp_time=0 total_latency=23784617
RAM resp id:233000 m_cycle=1229937 req_time=1229734 resp_time=203 total_latency=23887973
RAM resp id:234000 m_cycle=1233875 req_time=0 resp_time=0 total_latency=23988691
RAM resp id:235000 m_cycle=1239686 req_time=1239483 resp_time=203 total_latency=24090416
RAM resp id:236000 m_cycle=1245584 req_time=0 resp_time=0 total_latency=24191326
RAM resp id:237000 m_cycle=1250130 req_time=1249927 resp_time=203 total_latency=24294475
RAM resp id:238000 m_cycle=1255347 req_time=1255144 resp_time=203 total_latency=24394982
RAM resp id:239000 m_cycle=1260554 req_time=1260350 resp_time=204 total_latency=24497929
RAM resp id:240000 m_cycle=1267070 req_time=0 resp_time=0 total_latency=24598837
RAM resp id:241000 m_cycle=1270871 req_time=0 resp_time=0 total_latency=24701174
RAM resp id:242000 m_cycle=1276190 req_time=1275986 resp_time=204 total_latency=24801882
RAM resp id:243000 m_cycle=1280926 req_time=1280723 resp_time=203 total_latency=24904221
RAM resp id:244000 m_cycle=1286961 req_time=1286758 resp_time=203 total_latency=25006140
core 5 retired
RAM resp id:245000 m_cycle=1290952 req_time=1290749 resp_time=203 total_latency=25107466
core 0 retired
core 2 retired
RAM resp id:246000 m_cycle=1297667 req_time=0 resp_time=0 total_latency=25207556
core 6 retired
core 7 retired
core 4 retired
core 3 retired
[Cycle: 1300000]: mem_requests: 246081, mem_responses: 246078, avg_latency: 102
core 1 retired
========== kernel 1 summary ==========
Core: 0
	CORE0_TOT_CYCLES   : 1292821
	CORE0_STALL_CYCLES : 688679
	CORE0_LD_INSTR     : 139
	CORE0_ST_INSTR     : 15433
	CORE0_TOT_INSTR    : 1292821
Core: 1
	CORE1_TOT_CYCLES   : 1302904
	CORE1_STALL_CYCLES : 695097
	CORE1_LD_INSTR     : 172
	CORE1_ST_INSTR     : 14907
	CORE1_TOT_INSTR    : 1302904
Core: 2
	CORE2_TOT_CYCLES   : 1292836
	CORE2_STALL_CYCLES : 692892
	CORE2_LD_INSTR     : 170
	CORE2_ST_INSTR     : 15163
	CORE2_TOT_INSTR    : 1292836
Core: 3
	CORE3_TOT_CYCLES   : 1298327
	CORE3_STALL_CYCLES : 694182
	CORE3_LD_INSTR     : 117
	CORE3_ST_INSTR     : 15518
	CORE3_TOT_INSTR    : 1298327
Core: 4
	CORE4_TOT_CYCLES   : 1297932
	CORE4_STALL_CYCLES : 693582
	CORE4_LD_INSTR     : 190
	CORE4_ST_INSTR     : 15284
	CORE4_TOT_INSTR    : 1297932
Core: 5
	CORE5_TOT_CYCLES   : 1290712
	CORE5_STALL_CYCLES : 695192
	CORE5_LD_INSTR     : 169
	CORE5_ST_INSTR     : 14859
	CORE5_TOT_INSTR    : 1290712
Core: 6
	CORE6_TOT_CYCLES   : 1297834
	CORE6_STALL_CYCLES : 694091
	CORE6_LD_INSTR     : 81
	CORE6_ST_INSTR     : 15171
	CORE6_TOT_INSTR    : 1297834
Core: 7
	CORE7_TOT_CYCLES   : 1297900
	CORE7_STALL_CYCLES : 685694
	CORE7_LD_INSTR     : 207
	CORE7_ST_INSTR     : 15139
	CORE7_TOT_INSTR    : 1297900
========== starting kernel 2 ==========
RAM resp id:247000 m_cycle=1319712 req_time=1319509 resp_time=203 total_latency=25385908
RAM resp id:248000 m_cycle=1336284 req_time=1336081 resp_time=203 total_latency=25545587
RAM resp id:249000 m_cycle=1353336 req_time=1353133 resp_time=203 total_latency=25708190
RAM resp id:250000 m_cycle=1370409 req_time=1370206 resp_time=203 total_latency=25870387
RAM resp id:251000 m_cycle=1387461 req_time=1387258 resp_time=203 total_latency=26032990
[Cycle: 1400000]: mem_requests: 251736, mem_responses: 251735, avg_latency: 103
RAM resp id:252000 m_cycle=1404534 req_time=1404331 resp_time=203 total_latency=26195187
RAM resp id:253000 m_cycle=1421586 req_time=1421383 resp_time=203 total_latency=26357790
RAM resp id:254000 m_cycle=1438659 req_time=1438456 resp_time=203 total_latency=26519987
RAM resp id:255000 m_cycle=1455711 req_time=1455508 resp_time=203 total_latency=26682590
RAM resp id:256000 m_cycle=1472784 req_time=1472581 resp_time=203 total_latency=26844787
RAM resp id:257000 m_cycle=1489836 req_time=1489633 resp_time=203 total_latency=27007390
[Cycle: 1500000]: mem_requests: 257612, mem_responses: 257592, avg_latency: 105
RAM resp id:258000 m_cycle=1506909 req_time=1506706 resp_time=203 total_latency=27169587
RAM resp id:259000 m_cycle=1523961 req_time=1523758 resp_time=203 total_latency=27332190
RAM resp id:260000 m_cycle=1541034 req_time=1540831 resp_time=203 total_latency=27494387
RAM resp id:261000 m_cycle=1558086 req_time=1557883 resp_time=203 total_latency=27656990
RAM resp id:262000 m_cycle=1575159 req_time=1574956 resp_time=203 total_latency=27819187
RAM resp id:263000 m_cycle=1592211 req_time=1592008 resp_time=203 total_latency=27981790
[Cycle: 1600000]: mem_requests: 263458, mem_responses: 263455, avg_latency: 106
RAM resp id:264000 m_cycle=1609284 req_time=1609081 resp_time=203 total_latency=28143987
RAM resp id:265000 m_cycle=1626336 req_time=1626133 resp_time=203 total_latency=28306590
RAM resp id:266000 m_cycle=1643409 req_time=1643206 resp_time=203 total_latency=28468787
core 0 retired
core 6 retired
core 7 retired
core 4 retired
core 5 retired
core 3 retired
core 1 retired
core 2 retired
========== kernel 2 summary ==========
Core: 0
	CORE0_TOT_CYCLES   : 1651892
	CORE0_STALL_CYCLES : 836958
	CORE0_LD_INSTR     : 2052
	CORE0_ST_INSTR     : 0
	CORE0_TOT_INSTR    : 1651892
Core: 1
	CORE1_TOT_CYCLES   : 1652420
	CORE1_STALL_CYCLES : 843904
	CORE1_LD_INSTR     : 2052
	CORE1_ST_INSTR     : 0
	CORE1_TOT_INSTR    : 1652420
Core: 2
	CORE2_TOT_CYCLES   : 1652683
	CORE2_STALL_CYCLES : 841958
	CORE2_LD_INSTR     : 2052
	CORE2_ST_INSTR     : 4
	CORE2_TOT_INSTR    : 1652683
Core: 3
	CORE3_TOT_CYCLES   : 1652412
	CORE3_STALL_CYCLES : 842981
	CORE3_LD_INSTR     : 2052
	CORE3_ST_INSTR     : 0
	CORE3_TOT_INSTR    : 1652412
Core: 4
	CORE4_TOT_CYCLES   : 1652372
	CORE4_STALL_CYCLES : 842341
	CORE4_LD_INSTR     : 2052
	CORE4_ST_INSTR     : 0
	CORE4_TOT_INSTR    : 1652372
Core: 5
	CORE5_TOT_CYCLES   : 1652401
	CORE5_STALL_CYCLES : 843980
	CORE5_LD_INSTR     : 2052
	CORE5_ST_INSTR     : 0
	CORE5_TOT_INSTR    : 1652401
Core: 6
	CORE6_TOT_CYCLES   : 1651896
	CORE6_STALL_CYCLES : 842374
	CORE6_LD_INSTR     : 2052
	CORE6_ST_INSTR     : 0
	CORE6_TOT_INSTR    : 1651896
Core: 7
	CORE7_TOT_CYCLES   : 1651901
	CORE7_STALL_CYCLES : 833982
	CORE7_LD_INSTR     : 2052
	CORE7_ST_INSTR     : 0
	CORE7_TOT_INSTR    : 1651901
========== starting kernel 3 ==========
RAM resp id:267000 m_cycle=1657751 req_time=1657548 resp_time=203 total_latency=28651043
RAM resp id:268000 m_cycle=1665302 req_time=1665099 resp_time=203 total_latency=28790023
RAM resp id:269000 m_cycle=1672664 req_time=1672461 resp_time=203 total_latency=28927508
RAM resp id:270000 m_cycle=1679777 req_time=0 resp_time=0 total_latency=29062300
RAM resp id:271000 m_cycle=1686773 req_time=1686570 resp_time=203 total_latency=29197092
RAM resp id:272000 m_cycle=1694215 req_time=0 resp_time=0 total_latency=29333508
[Cycle: 1700000]: mem_requests: 272825, mem_responses: 272825, avg_latency: 107
RAM resp id:273000 m_cycle=1701245 req_time=1701042 resp_time=203 total_latency=29466676
RAM resp id:274000 m_cycle=1708616 req_time=1708413 resp_time=203 total_latency=29604716
RAM resp id:275000 m_cycle=1715729 req_time=0 resp_time=0 total_latency=29737884
RAM resp id:276000 m_cycle=1723034 req_time=1722831 resp_time=203 total_latency=29874300
RAM resp id:277000 m_cycle=1730193 req_time=1729990 resp_time=203 total_latency=30010716
RAM resp id:278000 m_cycle=1737197 req_time=1736994 resp_time=203 total_latency=30143884
RAM resp id:279000 m_cycle=1744568 req_time=1744365 resp_time=203 total_latency=30281924
RAM resp id:280000 m_cycle=1751677 req_time=1751474 resp_time=203 total_latency=30414077
RAM resp id:281000 m_cycle=1759039 req_time=1758836 resp_time=203 total_latency=30551508
RAM resp id:282000 m_cycle=1766152 req_time=0 resp_time=0 total_latency=30686300
RAM resp id:283000 m_cycle=1773148 req_time=1772945 resp_time=203 total_latency=30821092
RAM resp id:284000 m_cycle=1780590 req_time=0 resp_time=0 total_latency=30957508
RAM resp id:285000 m_cycle=1787620 req_time=1787417 resp_time=203 total_latency=31090676
RAM resp id:286000 m_cycle=1794991 req_time=1794788 resp_time=203 total_latency=31228716
[Cycle: 1800000]: mem_requests: 286745, mem_responses: 286700, avg_latency: 109
RAM resp id:287000 m_cycle=1802104 req_time=0 resp_time=0 total_latency=31361884
RAM resp id:288000 m_cycle=1809409 req_time=1809206 resp_time=203 total_latency=31498300
RAM resp id:289000 m_cycle=1816568 req_time=1816365 resp_time=203 total_latency=31634716
RAM resp id:290000 m_cycle=1823572 req_time=1823369 resp_time=203 total_latency=31767884
core 0 retired
core 2 retired
core 3 retired
core 1 retired
core 4 retired
core 6 retired
core 5 retired
core 7 retired
========== kernel 3 summary ==========
Core: 0
	CORE0_TOT_CYCLES   : 1829448
	CORE0_STALL_CYCLES : 966618
	CORE0_LD_INSTR     : 1024
	CORE0_ST_INSTR     : 1024
	CORE0_TOT_INSTR    : 1829448
Core: 1
	CORE1_TOT_CYCLES   : 1829530
	CORE1_STALL_CYCLES : 973646
	CORE1_LD_INSTR     : 1024
	CORE1_ST_INSTR     : 1024
	CORE1_TOT_INSTR    : 1829530
Core: 2
	CORE2_TOT_CYCLES   : 1829456
	CORE2_STALL_CYCLES : 971626
	CORE2_LD_INSTR     : 1024
	CORE2_ST_INSTR     : 1024
	CORE2_TOT_INSTR    : 1829456
Core: 3
	CORE3_TOT_CYCLES   : 1829520
	CORE3_STALL_CYCLES : 972713
	CORE3_LD_INSTR     : 1024
	CORE3_ST_INSTR     : 1024
	CORE3_TOT_INSTR    : 1829520
Core: 4
	CORE4_TOT_CYCLES   : 1829539
	CORE4_STALL_CYCLES : 972092
	CORE4_LD_INSTR     : 1024
	CORE4_ST_INSTR     : 1024
	CORE4_TOT_INSTR    : 1829539
Core: 5
	CORE5_TOT_CYCLES   : 1829560
	CORE5_STALL_CYCLES : 973752
	CORE5_LD_INSTR     : 1024
	CORE5_ST_INSTR     : 1024
	CORE5_TOT_INSTR    : 1829560
Core: 6
	CORE6_TOT_CYCLES   : 1829550
	CORE6_STALL_CYCLES : 972136
	CORE6_LD_INSTR     : 1024
	CORE6_ST_INSTR     : 1024
	CORE6_TOT_INSTR    : 1829550
Core: 7
	CORE7_TOT_CYCLES   : 1829569
	CORE7_STALL_CYCLES : 963763
	CORE7_LD_INSTR     : 1024
	CORE7_ST_INSTR     : 1024
	CORE7_TOT_INSTR    : 1829569
========== starting kernel 4 ==========
RAM resp id:291000 m_cycle=1833844 req_time=1833640 resp_time=204 total_latency=31912929
RAM resp id:292000 m_cycle=1851730 req_time=1851527 resp_time=203 total_latency=32071696
RAM resp id:293000 m_cycle=1865733 req_time=1865530 resp_time=203 total_latency=32193935
RAM resp id:294000 m_cycle=1881410 req_time=1881207 resp_time=203 total_latency=32320894
RAM resp id:295000 m_cycle=1895843 req_time=1895640 resp_time=203 total_latency=32449719
[Cycle: 1900000]: mem_requests: 295324, mem_responses: 295322, avg_latency: 110
RAM resp id:296000 m_cycle=1909795 req_time=0 resp_time=0 total_latency=32572780
RAM resp id:297000 m_cycle=1924885 req_time=0 resp_time=0 total_latency=32699559
RAM resp id:298000 m_cycle=1939936 req_time=1939733 resp_time=203 total_latency=32826272
RAM resp id:299000 m_cycle=1953962 req_time=0 resp_time=0 total_latency=32952990
RAM resp id:300000 m_cycle=1968583 req_time=0 resp_time=0 total_latency=33076456
RAM resp id:301000 m_cycle=1984009 req_time=1983806 resp_time=203 total_latency=33203409
RAM resp id:302000 m_cycle=1998078 req_time=1997875 resp_time=203 total_latency=33332343
[Cycle: 2000000]: mem_requests: 302116, mem_responses: 302116, avg_latency: 110
RAM resp id:303000 m_cycle=2012579 req_time=2012376 resp_time=203 total_latency=33454975
RAM resp id:304000 m_cycle=2027835 req_time=0 resp_time=0 total_latency=33583370
RAM resp id:305000 m_cycle=2042187 req_time=2041984 resp_time=203 total_latency=33710576
RAM resp id:306000 m_cycle=2056673 req_time=2056470 resp_time=203 total_latency=33832659
RAM resp id:307000 m_cycle=2071914 req_time=2071711 resp_time=203 total_latency=33961213
RAM resp id:308000 m_cycle=2086370 req_time=2086167 resp_time=203 total_latency=34088754
[Cycle: 2100000]: mem_requests: 308983, mem_responses: 308941, avg_latency: 110
RAM resp id:309000 m_cycle=2100316 req_time=2100113 resp_time=203 total_latency=34210794
RAM resp id:310000 m_cycle=2115999 req_time=2115796 resp_time=203 total_latency=34337759
RAM resp id:311000 m_cycle=2130447 req_time=2130244 resp_time=203 total_latency=34465253
RAM resp id:312000 m_cycle=2144471 req_time=0 resp_time=0 total_latency=34590737
RAM resp id:313000 m_cycle=2159372 req_time=2159169 resp_time=203 total_latency=34715215
RAM resp id:314000 m_cycle=2174556 req_time=2174353 resp_time=203 total_latency=34842324
RAM resp id:315000 m_cycle=2188615 req_time=0 resp_time=0 total_latency=34970299
[Cycle: 2200000]: mem_requests: 315787, mem_responses: 315778, avg_latency: 111
RAM resp id:316000 m_cycle=2203128 req_time=0 resp_time=0 total_latency=35093766
RAM resp id:317000 m_cycle=2218303 req_time=0 resp_time=0 total_latency=35221132
RAM resp id:318000 m_cycle=2232789 req_time=2232586 resp_time=203 total_latency=35349056
RAM resp id:319000 m_cycle=2247191 req_time=2246988 resp_time=203 total_latency=35471495
RAM resp id:320000 m_cycle=2262463 req_time=2262260 resp_time=203 total_latency=35599408
core 1 retired
core 7 retired
core 4 retired
core 2 retired
core 3 retired
core 5 retired
core 0 retired
core 6 retired
========== kernel 4 summary ==========
Core: 0
	CORE0_TOT_CYCLES   : 2264972
	CORE0_STALL_CYCLES : 1124053
	CORE0_LD_INSTR     : 896
	CORE0_ST_INSTR     : 1408
	CORE0_TOT_INSTR    : 2264972
Core: 1
	CORE1_TOT_CYCLES   : 2264691
	CORE1_STALL_CYCLES : 1130770
	CORE1_LD_INSTR     : 896
	CORE1_ST_INSTR     : 1408
	CORE1_TOT_INSTR    : 2264691
Core: 2
	CORE2_TOT_CYCLES   : 2264830
	CORE2_STALL_CYCLES : 1129084
	CORE2_LD_INSTR     : 896
	CORE2_ST_INSTR     : 1408
	CORE2_TOT_INSTR    : 2264830
Core: 3
	CORE3_TOT_CYCLES   : 2264892
	CORE3_STALL_CYCLES : 1130191
	CORE3_LD_INSTR     : 896
	CORE3_ST_INSTR     : 1408
	CORE3_TOT_INSTR    : 2264892
Core: 4
	CORE4_TOT_CYCLES   : 2264793
	CORE4_STALL_CYCLES : 1129458
	CORE4_LD_INSTR     : 896
	CORE4_ST_INSTR     : 1408
	CORE4_TOT_INSTR    : 2264793
Core: 5
	CORE5_TOT_CYCLES   : 2264952
	CORE5_STALL_CYCLES : 1131205
	CORE5_LD_INSTR     : 896
	CORE5_ST_INSTR     : 1408
	CORE5_TOT_INSTR    : 2264952
Core: 6
	CORE6_TOT_CYCLES   : 2265012
	CORE6_STALL_CYCLES : 1129693
	CORE6_LD_INSTR     : 896
	CORE6_ST_INSTR     : 1408
	CORE6_TOT_INSTR    : 2265012
Core: 7
	CORE7_TOT_CYCLES   : 2264779
	CORE7_STALL_CYCLES : 1120979
	CORE7_LD_INSTR     : 896
	CORE7_ST_INSTR     : 1408
	CORE7_TOT_INSTR    : 2264779
========== starting kernel 5 ==========
RAM resp id:321000 m_cycle=2272029 req_time=2271826 resp_time=203 total_latency=35771514
RAM resp id:322000 m_cycle=2280569 req_time=2280366 resp_time=203 total_latency=35932919
RAM resp id:323000 m_cycle=2288011 req_time=0 resp_time=0 total_latency=36079731
RAM resp id:324000 m_cycle=2295578 req_time=2295375 resp_time=203 total_latency=36228567
[Cycle: 2300000]: mem_requests: 324674, mem_responses: 324646, avg_latency: 111
RAM resp id:325000 m_cycle=2302676 req_time=2302473 resp_time=203 total_latency=36375587
RAM resp id:326000 m_cycle=2310000 req_time=2309797 resp_time=203 total_latency=36522502
RAM resp id:327000 m_cycle=2317342 req_time=2317139 resp_time=203 total_latency=36671127
RAM resp id:328000 m_cycle=2324714 req_time=0 resp_time=0 total_latency=36818182
RAM resp id:329000 m_cycle=2332130 req_time=2331927 resp_time=203 total_latency=36966650
RAM resp id:330000 m_cycle=2339568 req_time=0 resp_time=0 total_latency=37114934
RAM resp id:331000 m_cycle=2347131 req_time=0 resp_time=0 total_latency=37264432
RAM resp id:332000 m_cycle=2354615 req_time=2354411 resp_time=204 total_latency=37412499
RAM resp id:333000 m_cycle=2362105 req_time=2361902 resp_time=203 total_latency=37561251
RAM resp id:334000 m_cycle=2369567 req_time=2369364 resp_time=203 total_latency=37709608
RAM resp id:335000 m_cycle=2376876 req_time=0 resp_time=0 total_latency=37858267
RAM resp id:336000 m_cycle=2384104 req_time=2383900 resp_time=204 total_latency=38002148
core 7 retired
core 2 retired
core 0 retired
core 5 retired
core 1 retired
core 6 retired
core 4 retired
core 3 retired
========== kernel 5 summary ==========
Core: 0
	CORE0_TOT_CYCLES   : 2385790
	CORE0_STALL_CYCLES : 1197767
	CORE0_LD_INSTR     : 922
	CORE0_ST_INSTR     : 565
	CORE0_TOT_INSTR    : 2385790
Core: 1
	CORE1_TOT_CYCLES   : 2385871
	CORE1_STALL_CYCLES : 1204865
	CORE1_LD_INSTR     : 925
	CORE1_ST_INSTR     : 558
	CORE1_TOT_INSTR    : 2385871
Core: 2
	CORE2_TOT_CYCLES   : 2385732
	CORE2_STALL_CYCLES : 1202755
	CORE2_LD_INSTR     : 921
	CORE2_ST_INSTR     : 551
	CORE2_TOT_INSTR    : 2385732
Core: 3
	CORE3_TOT_CYCLES   : 2385916
	CORE3_STALL_CYCLES : 1203743
	CORE3_LD_INSTR     : 914
	CORE3_ST_INSTR     : 565
	CORE3_TOT_INSTR    : 2385916
Core: 4
	CORE4_TOT_CYCLES   : 2385895
	CORE4_STALL_CYCLES : 1203274
	CORE4_LD_INSTR     : 932
	CORE4_ST_INSTR     : 558
	CORE4_TOT_INSTR    : 2385895
Core: 5
	CORE5_TOT_CYCLES   : 2385811
	CORE5_STALL_CYCLES : 1204935
	CORE5_LD_INSTR     : 935
	CORE5_ST_INSTR     : 557
	CORE5_TOT_INSTR    : 2385811
Core: 6
	CORE6_TOT_CYCLES   : 2385885
	CORE6_STALL_CYCLES : 1203507
	CORE6_LD_INSTR     : 919
	CORE6_ST_INSTR     : 563
	CORE6_TOT_INSTR    : 2385885
Core: 7
	CORE7_TOT_CYCLES   : 2385721
	CORE7_STALL_CYCLES : 1194641
	CORE7_LD_INSTR     : 918
	CORE7_ST_INSTR     : 552
	CORE7_TOT_INSTR    : 2385721
========== starting kernel 6 ==========
core 3 retired
core 1 retired
core 4 retired
core 5 retired
core 2 retired
core 7 retired
core 6 retired
core 0 retired
========== kernel 6 summary ==========
Core: 0
	CORE0_TOT_CYCLES   : 2399365
	CORE0_STALL_CYCLES : 1201453
	CORE0_LD_INSTR     : 29
	CORE0_ST_INSTR     : 29
	CORE0_TOT_INSTR    : 2399365
Core: 1
	CORE1_TOT_CYCLES   : 2398470
	CORE1_STALL_CYCLES : 1207664
	CORE1_LD_INSTR     : 28
	CORE1_ST_INSTR     : 22
	CORE1_TOT_INSTR    : 2398470
Core: 2
	CORE2_TOT_CYCLES   : 2398660
	CORE2_STALL_CYCLES : 1205740
	CORE2_LD_INSTR     : 28
	CORE2_ST_INSTR     : 26
	CORE2_TOT_INSTR    : 2398660
Core: 3
	CORE3_TOT_CYCLES   : 2398214
	CORE3_STALL_CYCLES : 1206283
	CORE3_LD_INSTR     : 24
	CORE3_ST_INSTR     : 29
	CORE3_TOT_INSTR    : 2398214
Core: 4
	CORE4_TOT_CYCLES   : 2398497
	CORE4_STALL_CYCLES : 1206093
	CORE4_LD_INSTR     : 28
	CORE4_ST_INSTR     : 29
	CORE4_TOT_INSTR    : 2398497
Core: 5
	CORE5_TOT_CYCLES   : 2398654
	CORE5_STALL_CYCLES : 1207906
	CORE5_LD_INSTR     : 33
	CORE5_ST_INSTR     : 29
	CORE5_TOT_INSTR    : 2398654
Core: 6
	CORE6_TOT_CYCLES   : 2398835
	CORE6_STALL_CYCLES : 1206659
	CORE6_LD_INSTR     : 34
	CORE6_ST_INSTR     : 28
	CORE6_TOT_INSTR    : 2398835
Core: 7
	CORE7_TOT_CYCLES   : 2398668
	CORE7_STALL_CYCLES : 1197636
	CORE7_LD_INSTR     : 25
	CORE7_ST_INSTR     : 27
	CORE7_TOT_INSTR    : 2398668
========== starting kernel 7 ==========
core 5 retired
core 6 retired
core 7 retired
core 4 retired
[Cycle: 2400000]: mem_requests: 336740, mem_responses: 336728, avg_latency: 113
core 0 retired
core 1 retired
core 2 retired
core 3 retired
========== kernel 7 summary ==========
Core: 0
	CORE0_TOT_CYCLES   : 2400514
	CORE0_STALL_CYCLES : 1201853
	CORE0_LD_INSTR     : 0
	CORE0_ST_INSTR     : 8
	CORE0_TOT_INSTR    : 2400514
Core: 1
	CORE1_TOT_CYCLES   : 2400662
	CORE1_STALL_CYCLES : 1208204
	CORE1_LD_INSTR     : 0
	CORE1_ST_INSTR     : 12
	CORE1_TOT_INSTR    : 2400662
Core: 2
	CORE2_TOT_CYCLES   : 2400664
	CORE2_STALL_CYCLES : 1206282
	CORE2_LD_INSTR     : 0
	CORE2_ST_INSTR     : 12
	CORE2_TOT_INSTR    : 2400664
Core: 3
	CORE3_TOT_CYCLES   : 2400667
	CORE3_STALL_CYCLES : 1206827
	CORE3_LD_INSTR     : 0
	CORE3_ST_INSTR     : 12
	CORE3_TOT_INSTR    : 2400667
Core: 4
	CORE4_TOT_CYCLES   : 2399876
	CORE4_STALL_CYCLES : 1206463
	CORE4_LD_INSTR     : 0
	CORE4_ST_INSTR     : 2
	CORE4_TOT_INSTR    : 2399876
Core: 5
	CORE5_TOT_CYCLES   : 2399366
	CORE5_STALL_CYCLES : 1207906
	CORE5_LD_INSTR     : 0
	CORE5_ST_INSTR     : 0
	CORE5_TOT_INSTR    : 2399366
Core: 6
	CORE6_TOT_CYCLES   : 2399366
	CORE6_STALL_CYCLES : 1206659
	CORE6_LD_INSTR     : 0
	CORE6_ST_INSTR     : 0
	CORE6_TOT_INSTR    : 2399366
Core: 7
	CORE7_TOT_CYCLES   : 2399366
	CORE7_STALL_CYCLES : 1197636
	CORE7_LD_INSTR     : 0
	CORE7_ST_INSTR     : 0
	CORE7_TOT_INSTR    : 2399366
========== starting kernel 8 ==========
RAM resp id:337000 m_cycle=2402928 req_time=2402725 resp_time=203 total_latency=38188763
RAM resp id:338000 m_cycle=2456590 req_time=2456387 resp_time=203 total_latency=38376991
RAM resp id:339000 m_cycle=2468268 req_time=2468065 resp_time=203 total_latency=38517500
[Cycle: 2500000]: mem_requests: 339070, mem_responses: 339070, avg_latency: 113
RAM resp id:340000 m_cycle=2521990 req_time=0 resp_time=0 total_latency=38663479
RAM resp id:341000 m_cycle=2577423 req_time=0 resp_time=0 total_latency=38808455
[Cycle: 2600000]: mem_requests: 341758, mem_responses: 341758, avg_latency: 113
RAM resp id:342000 m_cycle=2627468 req_time=0 resp_time=0 total_latency=38939009
RAM resp id:343000 m_cycle=2643793 req_time=2643590 resp_time=203 total_latency=39063693
RAM resp id:344000 m_cycle=2697757 req_time=2697554 resp_time=203 total_latency=39202565
[Cycle: 2700000]: mem_requests: 344083, mem_responses: 344081, avg_latency: 113
RAM resp id:345000 m_cycle=2753835 req_time=0 resp_time=0 total_latency=39336762
[Cycle: 2800000]: mem_requests: 345579, mem_responses: 345579, avg_latency: 114
RAM resp id:346000 m_cycle=2809986 req_time=2809783 resp_time=203 total_latency=39475842
RAM resp id:347000 m_cycle=2859621 req_time=2859418 resp_time=203 total_latency=39601717
core 5 retired
core 3 retired
core 1 retired
core 4 retired
core 2 retired
core 6 retired
core 7 retired
core 0 retired
========== kernel 8 summary ==========
Core: 0
	CORE0_TOT_CYCLES   : 2881279
	CORE0_STALL_CYCLES : 1338974
	CORE0_LD_INSTR     : 489
	CORE0_ST_INSTR     : 449
	CORE0_TOT_INSTR    : 2881279
Core: 1
	CORE1_TOT_CYCLES   : 2868165
	CORE1_STALL_CYCLES : 1332193
	CORE1_LD_INSTR     : 510
	CORE1_ST_INSTR     : 446
	CORE1_TOT_INSTR    : 2868165
Core: 2
	CORE2_TOT_CYCLES   : 2869186
	CORE2_STALL_CYCLES : 1331313
	CORE2_LD_INSTR     : 497
	CORE2_ST_INSTR     : 438
	CORE2_TOT_INSTR    : 2869186
Core: 3
	CORE3_TOT_CYCLES   : 2867643
	CORE3_STALL_CYCLES : 1330236
	CORE3_LD_INSTR     : 585
	CORE3_ST_INSTR     : 429
	CORE3_TOT_INSTR    : 2867643
Core: 4
	CORE4_TOT_CYCLES   : 2868192
	CORE4_STALL_CYCLES : 1330448
	CORE4_LD_INSTR     : 543
	CORE4_ST_INSTR     : 444
	CORE4_TOT_INSTR    : 2868192
Core: 5
	CORE5_TOT_CYCLES   : 2867641
	CORE5_STALL_CYCLES : 1331328
	CORE5_LD_INSTR     : 547
	CORE5_ST_INSTR     : 452
	CORE5_TOT_INSTR    : 2867641
Core: 6
	CORE6_TOT_CYCLES   : 2869518
	CORE6_STALL_CYCLES : 1332110
	CORE6_LD_INSTR     : 391
	CORE6_ST_INSTR     : 456
	CORE6_TOT_INSTR    : 2869518
Core: 7
	CORE7_TOT_CYCLES   : 2873416
	CORE7_STALL_CYCLES : 1326935
	CORE7_LD_INSTR     : 433
	CORE7_ST_INSTR     : 464
	CORE7_TOT_INSTR    : 2873416
========== starting kernel 9 ==========
RAM resp id:348000 m_cycle=2884455 req_time=2884252 resp_time=203 total_latency=39753009
RAM resp id:349000 m_cycle=2890794 req_time=2890591 resp_time=203 total_latency=39898555
RAM resp id:350000 m_cycle=2896831 req_time=2896628 resp_time=203 total_latency=40034335
[Cycle: 2900000]: mem_requests: 350517, mem_responses: 350515, avg_latency: 114
RAM resp id:351000 m_cycle=2903159 req_time=0 resp_time=0 total_latency=40175115
RAM resp id:352000 m_cycle=2909117 req_time=0 resp_time=0 total_latency=40308718
RAM resp id:353000 m_cycle=2915594 req_time=0 resp_time=0 total_latency=40443547
RAM resp id:354000 m_cycle=2921662 req_time=2921459 resp_time=203 total_latency=40582088
RAM resp id:355000 m_cycle=2927446 req_time=0 resp_time=0 total_latency=40714897
RAM resp id:356000 m_cycle=2933459 req_time=2933256 resp_time=203 total_latency=40853228
RAM resp id:357000 m_cycle=2939874 req_time=0 resp_time=0 total_latency=40989293
RAM resp id:358000 m_cycle=2946374 req_time=2946171 resp_time=203 total_latency=41130249
RAM resp id:359000 m_cycle=2952275 req_time=2952070 resp_time=205 total_latency=41262718
RAM resp id:360000 m_cycle=2958561 req_time=2958358 resp_time=203 total_latency=41399416
RAM resp id:361000 m_cycle=2964765 req_time=2964562 resp_time=203 total_latency=41540620
RAM resp id:362000 m_cycle=2970389 req_time=0 resp_time=0 total_latency=41671894
RAM resp id:363000 m_cycle=2976865 req_time=2976662 resp_time=203 total_latency=41811223
RAM resp id:364000 m_cycle=2983260 req_time=0 resp_time=0 total_latency=41947103
RAM resp id:365000 m_cycle=2989208 req_time=0 resp_time=0 total_latency=42079935
RAM resp id:366000 m_cycle=2995524 req_time=0 resp_time=0 total_latency=42219658
[Cycle: 3000000]: mem_requests: 366817, mem_responses: 366785, avg_latency: 115
RAM resp id:367000 m_cycle=3001476 req_time=0 resp_time=0 total_latency=42356730
RAM resp id:368000 m_cycle=3007455 req_time=3007252 resp_time=203 total_latency=42494417
RAM resp id:369000 m_cycle=3013520 req_time=3013317 resp_time=203 total_latency=42630292
RAM resp id:370000 m_cycle=3019980 req_time=3019777 resp_time=203 total_latency=42764754
RAM resp id:371000 m_cycle=3026365 req_time=3026162 resp_time=203 total_latency=42903731
RAM resp id:372000 m_cycle=3032137 req_time=0 resp_time=0 total_latency=43038438
RAM resp id:373000 m_cycle=3038149 req_time=3037946 resp_time=203 total_latency=43176336
RAM resp id:374000 m_cycle=3044186 req_time=0 resp_time=0 total_latency=43312215
RAM resp id:375000 m_cycle=3050625 req_time=3050422 resp_time=203 total_latency=43451733
RAM resp id:376000 m_cycle=3056508 req_time=3056305 resp_time=203 total_latency=43584964
RAM resp id:377000 m_cycle=3063094 req_time=3062891 resp_time=203 total_latency=43720889
RAM resp id:378000 m_cycle=3069210 req_time=3069007 resp_time=203 total_latency=43861105
RAM resp id:379000 m_cycle=3074757 req_time=0 resp_time=0 total_latency=43995185
RAM resp id:380000 m_cycle=3080881 req_time=0 resp_time=0 total_latency=44130056
RAM resp id:381000 m_cycle=3087373 req_time=0 resp_time=0 total_latency=44268812
RAM resp id:382000 m_cycle=3093242 req_time=0 resp_time=0 total_latency=44404245
RAM resp id:383000 m_cycle=3099675 req_time=3099470 resp_time=205 total_latency=44538118
[Cycle: 3100000]: mem_requests: 383117, mem_responses: 383079, avg_latency: 116
RAM resp id:384000 m_cycle=3105849 req_time=3105646 resp_time=203 total_latency=44678924
RAM resp id:385000 m_cycle=3111416 req_time=0 resp_time=0 total_latency=44812403
RAM resp id:386000 m_cycle=3117565 req_time=3117362 resp_time=203 total_latency=44947064
RAM resp id:387000 m_cycle=3124044 req_time=0 resp_time=0 total_latency=45085624
RAM resp id:388000 m_cycle=3129938 req_time=0 resp_time=0 total_latency=45220108
RAM resp id:389000 m_cycle=3136426 req_time=0 resp_time=0 total_latency=45354945
RAM resp id:390000 m_cycle=3142568 req_time=3142365 resp_time=203 total_latency=45495819
RAM resp id:391000 m_cycle=3148214 req_time=0 resp_time=0 total_latency=45627443
RAM resp id:392000 m_cycle=3154183 req_time=0 resp_time=0 total_latency=45767138
RAM resp id:393000 m_cycle=3160658 req_time=3160455 resp_time=203 total_latency=45901781
RAM resp id:394000 m_cycle=3166882 req_time=3166679 resp_time=203 total_latency=46038564
core 5 retired
core 1 retired
core 6 retired
core 3 retired
core 2 retired
core 4 retired
core 0 retired
core 7 retired
========== kernel 9 summary ==========
Core: 0
	CORE0_TOT_CYCLES   : 3171755
	CORE0_STALL_CYCLES : 1539756
	CORE0_LD_INSTR     : 2031
	CORE0_ST_INSTR     : 1950
	CORE0_TOT_INSTR    : 3171755
Core: 1
	CORE1_TOT_CYCLES   : 3171626
	CORE1_STALL_CYCLES : 1533246
	CORE1_LD_INSTR     : 2029
	CORE1_ST_INSTR     : 1944
	CORE1_TOT_INSTR    : 3171626
Core: 2
	CORE2_TOT_CYCLES   : 3171715
	CORE2_STALL_CYCLES : 1530144
	CORE2_LD_INSTR     : 2021
	CORE2_ST_INSTR     : 1911
	CORE2_TOT_INSTR    : 3171715
Core: 3
	CORE3_TOT_CYCLES   : 3171707
	CORE3_STALL_CYCLES : 1531734
	CORE3_LD_INSTR     : 2043
	CORE3_ST_INSTR     : 1958
	CORE3_TOT_INSTR    : 3171707
Core: 4
	CORE4_TOT_CYCLES   : 3171748
	CORE4_STALL_CYCLES : 1531622
	CORE4_LD_INSTR     : 2040
	CORE4_ST_INSTR     : 1934
	CORE4_TOT_INSTR    : 3171748
Core: 5
	CORE5_TOT_CYCLES   : 3171615
	CORE5_STALL_CYCLES : 1531982
	CORE5_LD_INSTR     : 2034
	CORE5_ST_INSTR     : 1935
	CORE5_TOT_INSTR    : 3171615
Core: 6
	CORE6_TOT_CYCLES   : 3171688
	CORE6_STALL_CYCLES : 1532451
	CORE6_LD_INSTR     : 2033
	CORE6_ST_INSTR     : 1930
	CORE6_TOT_INSTR    : 3171688
Core: 7
	CORE7_TOT_CYCLES   : 3171768
	CORE7_STALL_CYCLES : 1528505
	CORE7_LD_INSTR     : 2046
	CORE7_ST_INSTR     : 1944
	CORE7_TOT_INSTR    : 3171768
========== starting kernel 10 ==========
RAM resp id:395000 m_cycle=3177678 req_time=3177472 resp_time=206 total_latency=46196987
RAM resp id:396000 m_cycle=3195076 req_time=3194873 resp_time=203 total_latency=46372280
[Cycle: 3200000]: mem_requests: 396291, mem_responses: 396290, avg_latency: 117
RAM resp id:397000 m_cycle=3211732 req_time=0 resp_time=0 total_latency=46535087
RAM resp id:398000 m_cycle=3228201 req_time=3227998 resp_time=203 total_latency=46700127
RAM resp id:399000 m_cycle=3244772 req_time=3244569 resp_time=203 total_latency=46864356
RAM resp id:400000 m_cycle=3260931 req_time=3260728 resp_time=203 total_latency=47028584
RAM resp id:401000 m_cycle=3277972 req_time=3277769 resp_time=203 total_latency=47192407
RAM resp id:402000 m_cycle=3294066 req_time=3293863 resp_time=203 total_latency=47357244
[Cycle: 3300000]: mem_requests: 402360, mem_responses: 402339, avg_latency: 117
RAM resp id:403000 m_cycle=3310697 req_time=3310494 resp_time=203 total_latency=47522082
RAM resp id:404000 m_cycle=3327301 req_time=0 resp_time=0 total_latency=47685904
RAM resp id:405000 m_cycle=3343822 req_time=3343619 resp_time=203 total_latency=47850133
core 3 retired
core 4 retired
core 1 retired
core 5 retired
core 6 retired
core 0 retired
core 7 retired
core 2 retired
========== kernel 10 summary ==========
Core: 0
	CORE0_TOT_CYCLES   : 3348964
	CORE0_STALL_CYCLES : 1616539
	CORE0_LD_INSTR     : 1084
	CORE0_ST_INSTR     : 0
	CORE0_TOT_INSTR    : 3348964
Core: 1
	CORE1_TOT_CYCLES   : 3348905
	CORE1_STALL_CYCLES : 1609966
	CORE1_LD_INSTR     : 1088
	CORE1_ST_INSTR     : 0
	CORE1_TOT_INSTR    : 3348905
Core: 2
	CORE2_TOT_CYCLES   : 3349047
	CORE2_STALL_CYCLES : 1607006
	CORE2_LD_INSTR     : 1088
	CORE2_ST_INSTR     : 0
	CORE2_TOT_INSTR    : 3349047
Core: 3
	CORE3_TOT_CYCLES   : 3348886
	CORE3_STALL_CYCLES : 1608435
	CORE3_LD_INSTR     : 1088
	CORE3_ST_INSTR     : 0
	CORE3_TOT_INSTR    : 3348886
Core: 4
	CORE4_TOT_CYCLES   : 3348898
	CORE4_STALL_CYCLES : 1608335
	CORE4_LD_INSTR     : 1088
	CORE4_ST_INSTR     : 0
	CORE4_TOT_INSTR    : 3348898
Core: 5
	CORE5_TOT_CYCLES   : 3348911
	CORE5_STALL_CYCLES : 1608712
	CORE5_LD_INSTR     : 1084
	CORE5_ST_INSTR     : 0
	CORE5_TOT_INSTR    : 3348911
Core: 6
	CORE6_TOT_CYCLES   : 3348923
	CORE6_STALL_CYCLES : 1609193
	CORE6_LD_INSTR     : 1084
	CORE6_ST_INSTR     : 0
	CORE6_TOT_INSTR    : 3348923
Core: 7
	CORE7_TOT_CYCLES   : 3348982
	CORE7_STALL_CYCLES : 1605306
	CORE7_LD_INSTR     : 1084
	CORE7_ST_INSTR     : 0
	CORE7_TOT_INSTR    : 3348982
========== starting kernel 11 ==========
RAM resp id:406000 m_cycle=3356120 req_time=0 resp_time=0 total_latency=48030468
RAM resp id:407000 m_cycle=3363097 req_time=3362894 resp_time=203 total_latency=48166941
RAM resp id:408000 m_cycle=3370539 req_time=0 resp_time=0 total_latency=48303576
RAM resp id:409000 m_cycle=3377569 req_time=3377366 resp_time=203 total_latency=48436541
RAM resp id:410000 m_cycle=3384939 req_time=3384736 resp_time=203 total_latency=48574581
RAM resp id:411000 m_cycle=3392052 req_time=0 resp_time=0 total_latency=48707952
RAM resp id:412000 m_cycle=3399358 req_time=3399155 resp_time=203 total_latency=48844165
[Cycle: 3400000]: mem_requests: 412122, mem_responses: 412090, avg_latency: 118
RAM resp id:413000 m_cycle=3406517 req_time=3406314 resp_time=203 total_latency=48980581
RAM resp id:414000 m_cycle=3413521 req_time=3413318 resp_time=203 total_latency=49113749
RAM resp id:415000 m_cycle=3420892 req_time=3420689 resp_time=203 total_latency=49251789
RAM resp id:416000 m_cycle=3428001 req_time=3427798 resp_time=203 total_latency=49383942
RAM resp id:417000 m_cycle=3435362 req_time=3435159 resp_time=203 total_latency=49521373
core 0 retired
core 2 retired
core 3 retired
core 1 retired
core 4 retired
core 6 retired
core 5 retired
core 7 retired
========== kernel 11 summary ==========
Core: 0
	CORE0_TOT_CYCLES   : 3437364
	CORE0_STALL_CYCLES : 1681303
	CORE0_LD_INSTR     : 512
	CORE0_ST_INSTR     : 512
	CORE0_TOT_INSTR    : 3437364
Core: 1
	CORE1_TOT_CYCLES   : 3437446
	CORE1_STALL_CYCLES : 1674812
	CORE1_LD_INSTR     : 512
	CORE1_ST_INSTR     : 512
	CORE1_TOT_INSTR    : 3437446
Core: 2
	CORE2_TOT_CYCLES   : 3437372
	CORE2_STALL_CYCLES : 1671778
	CORE2_LD_INSTR     : 512
	CORE2_ST_INSTR     : 512
	CORE2_TOT_INSTR    : 3437372
Core: 3
	CORE3_TOT_CYCLES   : 3437436
	CORE3_STALL_CYCLES : 1673271
	CORE3_LD_INSTR     : 512
	CORE3_ST_INSTR     : 512
	CORE3_TOT_INSTR    : 3437436
Core: 4
	CORE4_TOT_CYCLES   : 3437455
	CORE4_STALL_CYCLES : 1673190
	CORE4_LD_INSTR     : 512
	CORE4_ST_INSTR     : 512
	CORE4_TOT_INSTR    : 3437455
Core: 5
	CORE5_TOT_CYCLES   : 3437476
	CORE5_STALL_CYCLES : 1673588
	CORE5_LD_INSTR     : 512
	CORE5_ST_INSTR     : 512
	CORE5_TOT_INSTR    : 3437476
Core: 6
	CORE6_TOT_CYCLES   : 3437466
	CORE6_STALL_CYCLES : 1674059
	CORE6_LD_INSTR     : 512
	CORE6_ST_INSTR     : 512
	CORE6_TOT_INSTR    : 3437466
Core: 7
	CORE7_TOT_CYCLES   : 3437485
	CORE7_STALL_CYCLES : 1670191
	CORE7_LD_INSTR     : 512
	CORE7_ST_INSTR     : 512
	CORE7_TOT_INSTR    : 3437485
========== starting kernel 12 ==========
RAM resp id:418000 m_cycle=3452093 req_time=0 resp_time=0 total_latency=49687704
RAM resp id:419000 m_cycle=3466582 req_time=0 resp_time=0 total_latency=49816878
RAM resp id:420000 m_cycle=3481161 req_time=0 resp_time=0 total_latency=49940236
RAM resp id:421000 m_cycle=3496275 req_time=0 resp_time=0 total_latency=50066132
[Cycle: 3500000]: mem_requests: 421258, mem_responses: 421249, avg_latency: 118
RAM resp id:422000 m_cycle=3510712 req_time=3510509 resp_time=203 total_latency=50194266
RAM resp id:423000 m_cycle=3525098 req_time=0 resp_time=0 total_latency=50318322
RAM resp id:424000 m_cycle=3540339 req_time=3540136 resp_time=203 total_latency=50445236
RAM resp id:425000 m_cycle=3554843 req_time=3554640 resp_time=203 total_latency=50571517
RAM resp id:426000 m_cycle=3569059 req_time=3568856 resp_time=203 total_latency=50696185
RAM resp id:427000 m_cycle=3584368 req_time=0 resp_time=0 total_latency=50822476
RAM resp id:428000 m_cycle=3598807 req_time=3598604 resp_time=203 total_latency=50948562
[Cycle: 3600000]: mem_requests: 428121, mem_responses: 428107, avg_latency: 119
RAM resp id:429000 m_cycle=3613100 req_time=3612897 resp_time=203 total_latency=51075049
RAM resp id:430000 m_cycle=3627977 req_time=3627774 resp_time=203 total_latency=51200119
RAM resp id:431000 m_cycle=3642898 req_time=3642695 resp_time=203 total_latency=51326401
core 4 retired
core 3 retired
core 2 retired
core 6 retired
core 1 retired
core 0 retired
core 7 retired
core 5 retired
========== kernel 12 summary ==========
Core: 0
	CORE0_TOT_CYCLES   : 3655432
	CORE0_STALL_CYCLES : 1760472
	CORE0_LD_INSTR     : 448
	CORE0_ST_INSTR     : 704
	CORE0_TOT_INSTR    : 3655432
Core: 1
	CORE1_TOT_CYCLES   : 3655308
	CORE1_STALL_CYCLES : 1754068
	CORE1_LD_INSTR     : 448
	CORE1_ST_INSTR     : 704
	CORE1_TOT_INSTR    : 3655308
Core: 2
	CORE2_TOT_CYCLES   : 3655098
	CORE2_STALL_CYCLES : 1750918
	CORE2_LD_INSTR     : 448
	CORE2_ST_INSTR     : 704
	CORE2_TOT_INSTR    : 3655098
Core: 3
	CORE3_TOT_CYCLES   : 3654902
	CORE3_STALL_CYCLES : 1752267
	CORE3_LD_INSTR     : 448
	CORE3_ST_INSTR     : 704
	CORE3_TOT_INSTR    : 3654902
Core: 4
	CORE4_TOT_CYCLES   : 3654813
	CORE4_STALL_CYCLES : 1751623
	CORE4_LD_INSTR     : 448
	CORE4_ST_INSTR     : 704
	CORE4_TOT_INSTR    : 3654813
Core: 5
	CORE5_TOT_CYCLES   : 3655593
	CORE5_STALL_CYCLES : 1752939
	CORE5_LD_INSTR     : 448
	CORE5_ST_INSTR     : 704
	CORE5_TOT_INSTR    : 3655593
Core: 6
	CORE6_TOT_CYCLES   : 3655108
	CORE6_STALL_CYCLES : 1753233
	CORE6_LD_INSTR     : 448
	CORE6_ST_INSTR     : 704
	CORE6_TOT_INSTR    : 3655108
Core: 7
	CORE7_TOT_CYCLES   : 3655533
	CORE7_STALL_CYCLES : 1749512
	CORE7_LD_INSTR     : 448
	CORE7_ST_INSTR     : 704
	CORE7_TOT_INSTR    : 3655533
========== starting kernel 13 ==========
RAM resp id:432000 m_cycle=3658142 req_time=3657934 resp_time=208 total_latency=51457946
core 6 retired
core 5 retired
core 2 retired
core 0 retired
core 7 retired
core 1 retired
core 4 retired
core 3 retired
========== kernel 13 summary ==========
Core: 0
	CORE0_TOT_CYCLES   : 3673183
	CORE0_STALL_CYCLES : 1766469
	CORE0_LD_INSTR     : 64
	CORE0_ST_INSTR     : 8
	CORE0_TOT_INSTR    : 3673183
Core: 1
	CORE1_TOT_CYCLES   : 3673197
	CORE1_STALL_CYCLES : 1760079
	CORE1_LD_INSTR     : 64
	CORE1_ST_INSTR     : 8
	CORE1_TOT_INSTR    : 3673197
Core: 2
	CORE2_TOT_CYCLES   : 3673171
	CORE2_STALL_CYCLES : 1756903
	CORE2_LD_INSTR     : 64
	CORE2_ST_INSTR     : 8
	CORE2_TOT_INSTR    : 3673171
Core: 3
	CORE3_TOT_CYCLES   : 3673226
	CORE3_STALL_CYCLES : 1758307
	CORE3_LD_INSTR     : 64
	CORE3_ST_INSTR     : 8
	CORE3_TOT_INSTR    : 3673226
Core: 4
	CORE4_TOT_CYCLES   : 3673221
	CORE4_STALL_CYCLES : 1757658
	CORE4_LD_INSTR     : 64
	CORE4_ST_INSTR     : 8
	CORE4_TOT_INSTR    : 3673221
Core: 5
	CORE5_TOT_CYCLES   : 3673159
	CORE5_STALL_CYCLES : 1758912
	CORE5_LD_INSTR     : 64
	CORE5_ST_INSTR     : 8
	CORE5_TOT_INSTR    : 3673159
Core: 6
	CORE6_TOT_CYCLES   : 3673150
	CORE6_STALL_CYCLES : 1759197
	CORE6_LD_INSTR     : 64
	CORE6_ST_INSTR     : 8
	CORE6_TOT_INSTR    : 3673150
Core: 7
	CORE7_TOT_CYCLES   : 3673188
	CORE7_STALL_CYCLES : 1755514
	CORE7_LD_INSTR     : 64
	CORE7_ST_INSTR     : 8
	CORE7_TOT_INSTR    : 3673188
========== starting kernel 14 ==========
core 2 retired
core 3 retired
core 4 retired
core 5 retired
core 6 retired
core 7 retired
core 1 retired
core 0 retired
========== kernel 14 summary ==========
Core: 0
	CORE0_TOT_CYCLES   : 3677070
	CORE0_STALL_CYCLES : 1766763
	CORE0_LD_INSTR     : 10
	CORE0_ST_INSTR     : 0
	CORE0_TOT_INSTR    : 3677070
Core: 1
	CORE1_TOT_CYCLES   : 3675951
	CORE1_STALL_CYCLES : 1761291
	CORE1_LD_INSTR     : 6
	CORE1_ST_INSTR     : 1
	CORE1_TOT_INSTR    : 3675951
Core: 2
	CORE2_TOT_CYCLES   : 3673227
	CORE2_STALL_CYCLES : 1756903
	CORE2_LD_INSTR     : 0
	CORE2_ST_INSTR     : 0
	CORE2_TOT_INSTR    : 3673227
Core: 3
	CORE3_TOT_CYCLES   : 3673227
	CORE3_STALL_CYCLES : 1758307
	CORE3_LD_INSTR     : 0
	CORE3_ST_INSTR     : 0
	CORE3_TOT_INSTR    : 3673227
Core: 4
	CORE4_TOT_CYCLES   : 3673227
	CORE4_STALL_CYCLES : 1757658
	CORE4_LD_INSTR     : 0
	CORE4_ST_INSTR     : 0
	CORE4_TOT_INSTR    : 3673227
Core: 5
	CORE5_TOT_CYCLES   : 3673227
	CORE5_STALL_CYCLES : 1758912
	CORE5_LD_INSTR     : 0
	CORE5_ST_INSTR     : 0
	CORE5_TOT_INSTR    : 3673227
Core: 6
	CORE6_TOT_CYCLES   : 3673227
	CORE6_STALL_CYCLES : 1759197
	CORE6_LD_INSTR     : 0
	CORE6_ST_INSTR     : 0
	CORE6_TOT_INSTR    : 3673227
Core: 7
	CORE7_TOT_CYCLES   : 3673227
	CORE7_STALL_CYCLES : 1755514
	CORE7_LD_INSTR     : 0
	CORE7_ST_INSTR     : 0
	CORE7_TOT_INSTR    : 3673227
GPU Retired.
**************************************************
Simulation finished @ Tue Sep 30 16:22:06 2025

Total simulation time: 0:0:8

============= MacSim Stats =============
Macsim:
	NUM_CYCLES              : 3677069
	NUM_INSTRS_RETIRED      : 14857416
	NUM_STALL_CYCLES        : 14074545
	NUM_MEM_REQUESTS        : 432519
	NUM_MEM_RESPONSES       : 432519
	AVG_RESPONSE_LATENCY    : 119
	NUM_TTIMEDOUT_REQUESTS  : 0
	INSTR_PER_CYCLE         : 4.040559
Cache:
	CACHE_NUM_ACCESSES    : 1962936
	CACHE_NUM_HITS        : 308803
	CACHE_HIT_RATE_PERC   : 15.73
	MISSES_PER_1000_INSTR : 111.33

========================================

[END OF GPU SIMULATION]
