Reading GPU Configurations...Block Scheduling Policy: ROUND_ROBIN
Warp Scheduling Policy: GTO
trace tpye : nvbit
> trace_path: /fast_data/echung67/trace/nvbit/nn/256k/Kernel0/trace.txt truncate_size: 0
 trace type : nvbit
# of blocks: 1024, # of warps: 8192, # of Instrs: 245760
Macsim started @ Tue Feb 27 01:23:38 2024

**************************************************
========== starting kernel 0 ==========
n_blocks_per_kernel[kernel_id]: 1024 m_gpu_params->Block_Stride: 1 n_of_cores: 8
RAM resp id:0 m_cycle=213 req_time=10 resp_time=203 total_latency=203
RAM resp id:1000 m_cycle=7300 req_time=7097 resp_time=203 total_latency=203379
RAM resp id:2000 m_cycle=14387 req_time=14184 resp_time=203 total_latency=406441
RAM resp id:3000 m_cycle=21343 req_time=21140 resp_time=203 total_latency=609524
RAM resp id:4000 m_cycle=28338 req_time=28135 resp_time=203 total_latency=812587
RAM resp id:5000 m_cycle=35390 req_time=35187 resp_time=203 total_latency=1015626
RAM resp id:6000 m_cycle=42410 req_time=42207 resp_time=203 total_latency=1218706
core 5 retired
core 6 retired
core 3 retired
core 7 retired
core 2 retired
core 4 retired
core 0 retired
core 1 retired
========== kernel 0 summary ==========
Core: 0
	CORE0_TOT_CYCLES   : 43382
	CORE0_STALL_CYCLES : 11388
	CORE0_LD_INSTR     : 516
	CORE0_ST_INSTR     : 258
	CORE0_TOT_INSTR    : 43382
Core: 1
	CORE1_TOT_CYCLES   : 43474
	CORE1_STALL_CYCLES : 11480
	CORE1_LD_INSTR     : 516
	CORE1_ST_INSTR     : 258
	CORE1_TOT_INSTR    : 43474
Core: 2
	CORE2_TOT_CYCLES   : 43259
	CORE2_STALL_CYCLES : 11513
	CORE2_LD_INSTR     : 512
	CORE2_ST_INSTR     : 256
	CORE2_TOT_INSTR    : 43259
Core: 3
	CORE3_TOT_CYCLES   : 43235
	CORE3_STALL_CYCLES : 11489
	CORE3_LD_INSTR     : 512
	CORE3_ST_INSTR     : 256
	CORE3_TOT_INSTR    : 43235
Core: 4
	CORE4_TOT_CYCLES   : 43282
	CORE4_STALL_CYCLES : 11536
	CORE4_LD_INSTR     : 512
	CORE4_ST_INSTR     : 256
	CORE4_TOT_INSTR    : 43282
Core: 5
	CORE5_TOT_CYCLES   : 43180
	CORE5_STALL_CYCLES : 11434
	CORE5_LD_INSTR     : 512
	CORE5_ST_INSTR     : 256
	CORE5_TOT_INSTR    : 43180
Core: 6
	CORE6_TOT_CYCLES   : 43230
	CORE6_STALL_CYCLES : 11732
	CORE6_LD_INSTR     : 508
	CORE6_ST_INSTR     : 254
	CORE6_TOT_INSTR    : 43230
Core: 7
	CORE7_TOT_CYCLES   : 43247
	CORE7_STALL_CYCLES : 11749
	CORE7_LD_INSTR     : 508
	CORE7_ST_INSTR     : 254
	CORE7_TOT_INSTR    : 43247
GPU Retired.
**************************************************
Simulation finished @ Tue Feb 27 01:23:38 2024

Total simulation time: 0:0:0

============= MacSim Stats =============
Macsim:
	NUM_CYCLES              : 43473
	NUM_INSTRS_RETIRED      : 245760
	NUM_STALL_CYCLES        : 92321
	NUM_MEM_REQUESTS        : 6144
	NUM_MEM_RESPONSES       : 6144
	AVG_RESPONSE_LATENCY    : 203
	NUM_TTIMEDOUT_REQUESTS  : 0
Cache:
	CACHE_NUM_ACCESSES  : 24576
	CACHE_NUM_HITS      : 18432
	CACHE_HIT_RATE_PERC : 75.00

========================================

[END OF GPU SIMULATION]
